  [4;36;1mSQL (0.000702)[0m   [0;1mSELECT * FROM schema_info[0m
  [4;35;1mSQL (0.000156)[0m   [0mSHOW search_path[0m
  [4;36;1mSQL (0.002299)[0m   [0;1m SELECT tablename
 FROM pg_tables
 WHERE schemaname IN ('$user','public')
[0m
  [4;35;1mSQL (0.003515)[0m   [0m SELECT a.attname, format_type(a.atttypid, a.atttypmod), d.adsrc, a.attnotnull
 FROM pg_attribute a LEFT JOIN pg_attrdef d
 ON a.attrelid = d.adrelid AND a.attnum = d.adnum
 WHERE a.attrelid = 'users'::regclass
 AND a.attnum > 0 AND NOT a.attisdropped
 ORDER BY a.attnum
[0m
  [4;36;1mPK and serial sequence (0.005244)[0m   [0;1m SELECT attr.attname, name.nspname, seq.relname
 FROM pg_class seq,
 pg_attribute attr,
 pg_depend dep,
 pg_namespace name,
 pg_constraint cons
 WHERE seq.oid = dep.objid
 AND seq.relnamespace = name.oid
 AND seq.relkind = 'S'
 AND attr.attrelid = dep.refobjid
 AND attr.attnum = dep.refobjsubid
 AND attr.attrelid = cons.conrelid
 AND attr.attnum = cons.conkey[1]
 AND cons.contype = 'p'
 AND dep.refobjid = 'users'::regclass
[0m
  [4;35;1mSQL (0.002848)[0m   [0m SELECT i.relname, d.indisunique, a.attname
 FROM pg_class t, pg_class i, pg_index d, pg_attribute a
 WHERE i.relkind = 'i'
 AND d.indexrelid = i.oid
 AND d.indisprimary = 'f'
 AND t.oid = d.indrelid
 AND t.relname = 'users'
 AND a.attrelid = t.oid
 AND ( d.indkey[0]=a.attnum OR d.indkey[1]=a.attnum
 OR d.indkey[2]=a.attnum OR d.indkey[3]=a.attnum
 OR d.indkey[4]=a.attnum OR d.indkey[5]=a.attnum
 OR d.indkey[6]=a.attnum OR d.indkey[7]=a.attnum
 OR d.indkey[8]=a.attnum OR d.indkey[9]=a.attnum )
 ORDER BY i.relname
[0m
  [4;36;1mSQL (0.001033)[0m   [0;1m SELECT a.attname, format_type(a.atttypid, a.atttypmod), d.adsrc, a.attnotnull
 FROM pg_attribute a LEFT JOIN pg_attrdef d
 ON a.attrelid = d.adrelid AND a.attnum = d.adnum
 WHERE a.attrelid = 'words'::regclass
 AND a.attnum > 0 AND NOT a.attisdropped
 ORDER BY a.attnum
[0m
  [4;35;1mPK and serial sequence (0.004237)[0m   [0m SELECT attr.attname, name.nspname, seq.relname
 FROM pg_class seq,
 pg_attribute attr,
 pg_depend dep,
 pg_namespace name,
 pg_constraint cons
 WHERE seq.oid = dep.objid
 AND seq.relnamespace = name.oid
 AND seq.relkind = 'S'
 AND attr.attrelid = dep.refobjid
 AND attr.attnum = dep.refobjsubid
 AND attr.attrelid = cons.conrelid
 AND attr.attnum = cons.conkey[1]
 AND cons.contype = 'p'
 AND dep.refobjid = 'words'::regclass
[0m
  [4;36;1mSQL (0.002253)[0m   [0;1m SELECT i.relname, d.indisunique, a.attname
 FROM pg_class t, pg_class i, pg_index d, pg_attribute a
 WHERE i.relkind = 'i'
 AND d.indexrelid = i.oid
 AND d.indisprimary = 'f'
 AND t.oid = d.indrelid
 AND t.relname = 'words'
 AND a.attrelid = t.oid
 AND ( d.indkey[0]=a.attnum OR d.indkey[1]=a.attnum
 OR d.indkey[2]=a.attnum OR d.indkey[3]=a.attnum
 OR d.indkey[4]=a.attnum OR d.indkey[5]=a.attnum
 OR d.indkey[6]=a.attnum OR d.indkey[7]=a.attnum
 OR d.indkey[8]=a.attnum OR d.indkey[9]=a.attnum )
 ORDER BY i.relname
[0m
  [4;35;1mSQL (0.000000)[0m   [0mPGError: ERROR: table "users" does not exist
: DROP TABLE users[0m
  [4;36;1mSQL (0.013233)[0m   [0;1mCREATE TABLE users ("id" serial primary key, "name" character varying(255) DEFAULT NULL, "login" character varying(30) NOT NULL, "password" character varying(30) NOT NULL, "email" character varying(30) NOT NULL) [0m
  [4;35;1mSQL (0.000000)[0m   [0mPGError: ERROR: table "words" does not exist
: DROP TABLE words[0m
  [4;36;1mSQL (0.006386)[0m   [0;1mCREATE TABLE words ("id" serial primary key, "name" character varying(255) NOT NULL, "lang" character varying(2) NOT NULL) [0m
  [4;35;1mSQL (0.001053)[0m   [0mCREATE TABLE schema_info (version integer)[0m
  [4;36;1mSQL (0.000671)[0m   [0;1mINSERT INTO schema_info (version) VALUES(0)[0m
  [4;35;1mSQL (0.004092)[0m   [0m SELECT a.attname, format_type(a.atttypid, a.atttypmod), d.adsrc, a.attnotnull
 FROM pg_attribute a LEFT JOIN pg_attrdef d
 ON a.attrelid = d.adrelid AND a.attnum = d.adnum
 WHERE a.attrelid = 'schema_info'::regclass
 AND a.attnum > 0 AND NOT a.attisdropped
 ORDER BY a.attnum
[0m
  [4;36;1mSQL (0.042501)[0m   [0;1mUPDATE schema_info SET version = 4[0m
  [4;36;1mSQL (0.000714)[0m   [0;1mSELECT * FROM schema_info[0m
  [4;35;1mSQL (0.000155)[0m   [0mSHOW search_path[0m
  [4;36;1mSQL (0.002340)[0m   [0;1m SELECT tablename
 FROM pg_tables
 WHERE schemaname IN ('$user','public')
[0m
  [4;35;1mSQL (0.003385)[0m   [0m SELECT a.attname, format_type(a.atttypid, a.atttypmod), d.adsrc, a.attnotnull
 FROM pg_attribute a LEFT JOIN pg_attrdef d
 ON a.attrelid = d.adrelid AND a.attnum = d.adnum
 WHERE a.attrelid = 'users'::regclass
 AND a.attnum > 0 AND NOT a.attisdropped
 ORDER BY a.attnum
[0m
  [4;36;1mPK and serial sequence (0.005592)[0m   [0;1m SELECT attr.attname, name.nspname, seq.relname
 FROM pg_class seq,
 pg_attribute attr,
 pg_depend dep,
 pg_namespace name,
 pg_constraint cons
 WHERE seq.oid = dep.objid
 AND seq.relnamespace = name.oid
 AND seq.relkind = 'S'
 AND attr.attrelid = dep.refobjid
 AND attr.attnum = dep.refobjsubid
 AND attr.attrelid = cons.conrelid
 AND attr.attnum = cons.conkey[1]
 AND cons.contype = 'p'
 AND dep.refobjid = 'users'::regclass
[0m
  [4;35;1mSQL (0.002759)[0m   [0m SELECT i.relname, d.indisunique, a.attname
 FROM pg_class t, pg_class i, pg_index d, pg_attribute a
 WHERE i.relkind = 'i'
 AND d.indexrelid = i.oid
 AND d.indisprimary = 'f'
 AND t.oid = d.indrelid
 AND t.relname = 'users'
 AND a.attrelid = t.oid
 AND ( d.indkey[0]=a.attnum OR d.indkey[1]=a.attnum
 OR d.indkey[2]=a.attnum OR d.indkey[3]=a.attnum
 OR d.indkey[4]=a.attnum OR d.indkey[5]=a.attnum
 OR d.indkey[6]=a.attnum OR d.indkey[7]=a.attnum
 OR d.indkey[8]=a.attnum OR d.indkey[9]=a.attnum )
 ORDER BY i.relname
[0m
  [4;36;1mSQL (0.000976)[0m   [0;1m SELECT a.attname, format_type(a.atttypid, a.atttypmod), d.adsrc, a.attnotnull
 FROM pg_attribute a LEFT JOIN pg_attrdef d
 ON a.attrelid = d.adrelid AND a.attnum = d.adnum
 WHERE a.attrelid = 'words'::regclass
 AND a.attnum > 0 AND NOT a.attisdropped
 ORDER BY a.attnum
[0m
  [4;35;1mPK and serial sequence (0.003894)[0m   [0m SELECT attr.attname, name.nspname, seq.relname
 FROM pg_class seq,
 pg_attribute attr,
 pg_depend dep,
 pg_namespace name,
 pg_constraint cons
 WHERE seq.oid = dep.objid
 AND seq.relnamespace = name.oid
 AND seq.relkind = 'S'
 AND attr.attrelid = dep.refobjid
 AND attr.attnum = dep.refobjsubid
 AND attr.attrelid = cons.conrelid
 AND attr.attnum = cons.conkey[1]
 AND cons.contype = 'p'
 AND dep.refobjid = 'words'::regclass
[0m
  [4;36;1mSQL (0.002020)[0m   [0;1m SELECT i.relname, d.indisunique, a.attname
 FROM pg_class t, pg_class i, pg_index d, pg_attribute a
 WHERE i.relkind = 'i'
 AND d.indexrelid = i.oid
 AND d.indisprimary = 'f'
 AND t.oid = d.indrelid
 AND t.relname = 'words'
 AND a.attrelid = t.oid
 AND ( d.indkey[0]=a.attnum OR d.indkey[1]=a.attnum
 OR d.indkey[2]=a.attnum OR d.indkey[3]=a.attnum
 OR d.indkey[4]=a.attnum OR d.indkey[5]=a.attnum
 OR d.indkey[6]=a.attnum OR d.indkey[7]=a.attnum
 OR d.indkey[8]=a.attnum OR d.indkey[9]=a.attnum )
 ORDER BY i.relname
[0m
  [4;35;1mSQL (0.000000)[0m   [0mPGError: ERROR: table "users" does not exist
: DROP TABLE users[0m
  [4;36;1mSQL (0.013184)[0m   [0;1mCREATE TABLE users ("id" serial primary key, "name" character varying(255) DEFAULT NULL, "login" character varying(30) NOT NULL, "password" character varying(30) NOT NULL, "email" character varying(30) NOT NULL) [0m
  [4;35;1mSQL (0.000000)[0m   [0mPGError: ERROR: table "words" does not exist
: DROP TABLE words[0m
  [4;36;1mSQL (0.003772)[0m   [0;1mCREATE TABLE words ("id" serial primary key, "name" character varying(255) NOT NULL, "lang" character varying(2) NOT NULL) [0m
  [4;35;1mSQL (0.058641)[0m   [0mCREATE TABLE schema_info (version integer)[0m
  [4;36;1mSQL (0.001051)[0m   [0;1mINSERT INTO schema_info (version) VALUES(0)[0m
  [4;35;1mSQL (0.003995)[0m   [0m SELECT a.attname, format_type(a.atttypid, a.atttypmod), d.adsrc, a.attnotnull
 FROM pg_attribute a LEFT JOIN pg_attrdef d
 ON a.attrelid = d.adrelid AND a.attnum = d.adnum
 WHERE a.attrelid = 'schema_info'::regclass
 AND a.attnum > 0 AND NOT a.attisdropped
 ORDER BY a.attnum
[0m
  [4;36;1mSQL (0.000751)[0m   [0;1mUPDATE schema_info SET version = 4[0m
  [4;36;1mSQL (0.000716)[0m   [0;1mSELECT * FROM schema_info[0m
  [4;35;1mSQL (0.000151)[0m   [0mSHOW search_path[0m
  [4;36;1mSQL (0.002373)[0m   [0;1m SELECT tablename
 FROM pg_tables
 WHERE schemaname IN ('$user','public')
[0m
  [4;35;1mSQL (0.003438)[0m   [0m SELECT a.attname, format_type(a.atttypid, a.atttypmod), d.adsrc, a.attnotnull
 FROM pg_attribute a LEFT JOIN pg_attrdef d
 ON a.attrelid = d.adrelid AND a.attnum = d.adnum
 WHERE a.attrelid = 'users'::regclass
 AND a.attnum > 0 AND NOT a.attisdropped
 ORDER BY a.attnum
[0m
  [4;36;1mPK and serial sequence (0.005572)[0m   [0;1m SELECT attr.attname, name.nspname, seq.relname
 FROM pg_class seq,
 pg_attribute attr,
 pg_depend dep,
 pg_namespace name,
 pg_constraint cons
 WHERE seq.oid = dep.objid
 AND seq.relnamespace = name.oid
 AND seq.relkind = 'S'
 AND attr.attrelid = dep.refobjid
 AND attr.attnum = dep.refobjsubid
 AND attr.attrelid = cons.conrelid
 AND attr.attnum = cons.conkey[1]
 AND cons.contype = 'p'
 AND dep.refobjid = 'users'::regclass
[0m
  [4;35;1mSQL (0.002738)[0m   [0m SELECT i.relname, d.indisunique, a.attname
 FROM pg_class t, pg_class i, pg_index d, pg_attribute a
 WHERE i.relkind = 'i'
 AND d.indexrelid = i.oid
 AND d.indisprimary = 'f'
 AND t.oid = d.indrelid
 AND t.relname = 'users'
 AND a.attrelid = t.oid
 AND ( d.indkey[0]=a.attnum OR d.indkey[1]=a.attnum
 OR d.indkey[2]=a.attnum OR d.indkey[3]=a.attnum
 OR d.indkey[4]=a.attnum OR d.indkey[5]=a.attnum
 OR d.indkey[6]=a.attnum OR d.indkey[7]=a.attnum
 OR d.indkey[8]=a.attnum OR d.indkey[9]=a.attnum )
 ORDER BY i.relname
[0m
  [4;36;1mSQL (0.000932)[0m   [0;1m SELECT a.attname, format_type(a.atttypid, a.atttypmod), d.adsrc, a.attnotnull
 FROM pg_attribute a LEFT JOIN pg_attrdef d
 ON a.attrelid = d.adrelid AND a.attnum = d.adnum
 WHERE a.attrelid = 'words'::regclass
 AND a.attnum > 0 AND NOT a.attisdropped
 ORDER BY a.attnum
[0m
  [4;35;1mPK and serial sequence (0.003838)[0m   [0m SELECT attr.attname, name.nspname, seq.relname
 FROM pg_class seq,
 pg_attribute attr,
 pg_depend dep,
 pg_namespace name,
 pg_constraint cons
 WHERE seq.oid = dep.objid
 AND seq.relnamespace = name.oid
 AND seq.relkind = 'S'
 AND attr.attrelid = dep.refobjid
 AND attr.attnum = dep.refobjsubid
 AND attr.attrelid = cons.conrelid
 AND attr.attnum = cons.conkey[1]
 AND cons.contype = 'p'
 AND dep.refobjid = 'words'::regclass
[0m
  [4;36;1mSQL (0.002150)[0m   [0;1m SELECT i.relname, d.indisunique, a.attname
 FROM pg_class t, pg_class i, pg_index d, pg_attribute a
 WHERE i.relkind = 'i'
 AND d.indexrelid = i.oid
 AND d.indisprimary = 'f'
 AND t.oid = d.indrelid
 AND t.relname = 'words'
 AND a.attrelid = t.oid
 AND ( d.indkey[0]=a.attnum OR d.indkey[1]=a.attnum
 OR d.indkey[2]=a.attnum OR d.indkey[3]=a.attnum
 OR d.indkey[4]=a.attnum OR d.indkey[5]=a.attnum
 OR d.indkey[6]=a.attnum OR d.indkey[7]=a.attnum
 OR d.indkey[8]=a.attnum OR d.indkey[9]=a.attnum )
 ORDER BY i.relname
[0m
  [4;35;1mSQL (0.000000)[0m   [0mPGError: ERROR: table "users" does not exist
: DROP TABLE users[0m
  [4;36;1mSQL (0.018965)[0m   [0;1mCREATE TABLE users ("id" serial primary key, "name" character varying(255) DEFAULT NULL, "login" character varying(30) NOT NULL, "password" character varying(30) NOT NULL, "email" character varying(30) NOT NULL) [0m
  [4;35;1mSQL (0.000000)[0m   [0mPGError: ERROR: table "words" does not exist
: DROP TABLE words[0m
  [4;36;1mSQL (0.003745)[0m   [0;1mCREATE TABLE words ("id" serial primary key, "name" character varying(255) NOT NULL, "lang" character varying(2) NOT NULL) [0m
  [4;35;1mSQL (0.001164)[0m   [0mCREATE TABLE schema_info (version integer)[0m
  [4;36;1mSQL (0.000675)[0m   [0;1mINSERT INTO schema_info (version) VALUES(0)[0m
  [4;35;1mSQL (0.044835)[0m   [0m SELECT a.attname, format_type(a.atttypid, a.atttypmod), d.adsrc, a.attnotnull
 FROM pg_attribute a LEFT JOIN pg_attrdef d
 ON a.attrelid = d.adrelid AND a.attnum = d.adnum
 WHERE a.attrelid = 'schema_info'::regclass
 AND a.attnum > 0 AND NOT a.attisdropped
 ORDER BY a.attnum
[0m
  [4;36;1mSQL (0.000659)[0m   [0;1mUPDATE schema_info SET version = 4[0m
  [4;36;1mSQL (0.000671)[0m   [0;1mSELECT * FROM schema_info[0m
  [4;35;1mSQL (0.000141)[0m   [0mSHOW search_path[0m
  [4;36;1mSQL (0.002600)[0m   [0;1m SELECT tablename
 FROM pg_tables
 WHERE schemaname IN ('$user','public')
[0m
  [4;35;1mSQL (0.003336)[0m   [0m SELECT a.attname, format_type(a.atttypid, a.atttypmod), d.adsrc, a.attnotnull
 FROM pg_attribute a LEFT JOIN pg_attrdef d
 ON a.attrelid = d.adrelid AND a.attnum = d.adnum
 WHERE a.attrelid = 'users'::regclass
 AND a.attnum > 0 AND NOT a.attisdropped
 ORDER BY a.attnum
[0m
  [4;36;1mPK and serial sequence (0.005129)[0m   [0;1m SELECT attr.attname, name.nspname, seq.relname
 FROM pg_class seq,
 pg_attribute attr,
 pg_depend dep,
 pg_namespace name,
 pg_constraint cons
 WHERE seq.oid = dep.objid
 AND seq.relnamespace = name.oid
 AND seq.relkind = 'S'
 AND attr.attrelid = dep.refobjid
 AND attr.attnum = dep.refobjsubid
 AND attr.attrelid = cons.conrelid
 AND attr.attnum = cons.conkey[1]
 AND cons.contype = 'p'
 AND dep.refobjid = 'users'::regclass
[0m
  [4;35;1mSQL (0.002781)[0m   [0m SELECT i.relname, d.indisunique, a.attname
 FROM pg_class t, pg_class i, pg_index d, pg_attribute a
 WHERE i.relkind = 'i'
 AND d.indexrelid = i.oid
 AND d.indisprimary = 'f'
 AND t.oid = d.indrelid
 AND t.relname = 'users'
 AND a.attrelid = t.oid
 AND ( d.indkey[0]=a.attnum OR d.indkey[1]=a.attnum
 OR d.indkey[2]=a.attnum OR d.indkey[3]=a.attnum
 OR d.indkey[4]=a.attnum OR d.indkey[5]=a.attnum
 OR d.indkey[6]=a.attnum OR d.indkey[7]=a.attnum
 OR d.indkey[8]=a.attnum OR d.indkey[9]=a.attnum )
 ORDER BY i.relname
[0m
  [4;36;1mSQL (0.000953)[0m   [0;1m SELECT a.attname, format_type(a.atttypid, a.atttypmod), d.adsrc, a.attnotnull
 FROM pg_attribute a LEFT JOIN pg_attrdef d
 ON a.attrelid = d.adrelid AND a.attnum = d.adnum
 WHERE a.attrelid = 'words'::regclass
 AND a.attnum > 0 AND NOT a.attisdropped
 ORDER BY a.attnum
[0m
  [4;35;1mPK and serial sequence (0.004174)[0m   [0m SELECT attr.attname, name.nspname, seq.relname
 FROM pg_class seq,
 pg_attribute attr,
 pg_depend dep,
 pg_namespace name,
 pg_constraint cons
 WHERE seq.oid = dep.objid
 AND seq.relnamespace = name.oid
 AND seq.relkind = 'S'
 AND attr.attrelid = dep.refobjid
 AND attr.attnum = dep.refobjsubid
 AND attr.attrelid = cons.conrelid
 AND attr.attnum = cons.conkey[1]
 AND cons.contype = 'p'
 AND dep.refobjid = 'words'::regclass
[0m
  [4;36;1mSQL (0.001994)[0m   [0;1m SELECT i.relname, d.indisunique, a.attname
 FROM pg_class t, pg_class i, pg_index d, pg_attribute a
 WHERE i.relkind = 'i'
 AND d.indexrelid = i.oid
 AND d.indisprimary = 'f'
 AND t.oid = d.indrelid
 AND t.relname = 'words'
 AND a.attrelid = t.oid
 AND ( d.indkey[0]=a.attnum OR d.indkey[1]=a.attnum
 OR d.indkey[2]=a.attnum OR d.indkey[3]=a.attnum
 OR d.indkey[4]=a.attnum OR d.indkey[5]=a.attnum
 OR d.indkey[6]=a.attnum OR d.indkey[7]=a.attnum
 OR d.indkey[8]=a.attnum OR d.indkey[9]=a.attnum )
 ORDER BY i.relname
[0m
  [4;35;1mSQL (0.000000)[0m   [0mPGError: ERROR: table "users" does not exist
: DROP TABLE users[0m
  [4;36;1mSQL (0.013486)[0m   [0;1mCREATE TABLE users ("id" serial primary key, "name" character varying(255) DEFAULT NULL, "login" character varying(30) NOT NULL, "password" character varying(30) NOT NULL, "email" character varying(30) NOT NULL) [0m
  [4;35;1mSQL (0.000000)[0m   [0mPGError: ERROR: table "words" does not exist
: DROP TABLE words[0m
  [4;36;1mSQL (0.003530)[0m   [0;1mCREATE TABLE words ("id" serial primary key, "name" character varying(255) NOT NULL, "lang" character varying(2) NOT NULL) [0m
  [4;35;1mSQL (0.001154)[0m   [0mCREATE TABLE schema_info (version integer)[0m
  [4;36;1mSQL (0.000782)[0m   [0;1mINSERT INTO schema_info (version) VALUES(0)[0m
  [4;35;1mSQL (0.006395)[0m   [0m SELECT a.attname, format_type(a.atttypid, a.atttypmod), d.adsrc, a.attnotnull
 FROM pg_attribute a LEFT JOIN pg_attrdef d
 ON a.attrelid = d.adrelid AND a.attnum = d.adnum
 WHERE a.attrelid = 'schema_info'::regclass
 AND a.attnum > 0 AND NOT a.attisdropped
 ORDER BY a.attnum
[0m
  [4;36;1mSQL (0.000685)[0m   [0;1mUPDATE schema_info SET version = 4[0m
  [4;36;1mSQL (0.000684)[0m   [0;1mSELECT * FROM schema_info[0m
  [4;35;1mSQL (0.000152)[0m   [0mSHOW search_path[0m
  [4;36;1mSQL (0.003995)[0m   [0;1m SELECT tablename
 FROM pg_tables
 WHERE schemaname IN ('$user','public')
[0m
  [4;35;1mSQL (0.005305)[0m   [0m SELECT a.attname, format_type(a.atttypid, a.atttypmod), d.adsrc, a.attnotnull
 FROM pg_attribute a LEFT JOIN pg_attrdef d
 ON a.attrelid = d.adrelid AND a.attnum = d.adnum
 WHERE a.attrelid = 'users'::regclass
 AND a.attnum > 0 AND NOT a.attisdropped
 ORDER BY a.attnum
[0m
  [4;36;1mPK and serial sequence (0.007175)[0m   [0;1m SELECT attr.attname, name.nspname, seq.relname
 FROM pg_class seq,
 pg_attribute attr,
 pg_depend dep,
 pg_namespace name,
 pg_constraint cons
 WHERE seq.oid = dep.objid
 AND seq.relnamespace = name.oid
 AND seq.relkind = 'S'
 AND attr.attrelid = dep.refobjid
 AND attr.attnum = dep.refobjsubid
 AND attr.attrelid = cons.conrelid
 AND attr.attnum = cons.conkey[1]
 AND cons.contype = 'p'
 AND dep.refobjid = 'users'::regclass
[0m
  [4;35;1mSQL (0.003018)[0m   [0m SELECT i.relname, d.indisunique, a.attname
 FROM pg_class t, pg_class i, pg_index d, pg_attribute a
 WHERE i.relkind = 'i'
 AND d.indexrelid = i.oid
 AND d.indisprimary = 'f'
 AND t.oid = d.indrelid
 AND t.relname = 'users'
 AND a.attrelid = t.oid
 AND ( d.indkey[0]=a.attnum OR d.indkey[1]=a.attnum
 OR d.indkey[2]=a.attnum OR d.indkey[3]=a.attnum
 OR d.indkey[4]=a.attnum OR d.indkey[5]=a.attnum
 OR d.indkey[6]=a.attnum OR d.indkey[7]=a.attnum
 OR d.indkey[8]=a.attnum OR d.indkey[9]=a.attnum )
 ORDER BY i.relname
[0m
  [4;36;1mSQL (0.000986)[0m   [0;1m SELECT a.attname, format_type(a.atttypid, a.atttypmod), d.adsrc, a.attnotnull
 FROM pg_attribute a LEFT JOIN pg_attrdef d
 ON a.attrelid = d.adrelid AND a.attnum = d.adnum
 WHERE a.attrelid = 'words'::regclass
 AND a.attnum > 0 AND NOT a.attisdropped
 ORDER BY a.attnum
[0m
  [4;35;1mPK and serial sequence (0.005358)[0m   [0m SELECT attr.attname, name.nspname, seq.relname
 FROM pg_class seq,
 pg_attribute attr,
 pg_depend dep,
 pg_namespace name,
 pg_constraint cons
 WHERE seq.oid = dep.objid
 AND seq.relnamespace = name.oid
 AND seq.relkind = 'S'
 AND attr.attrelid = dep.refobjid
 AND attr.attnum = dep.refobjsubid
 AND attr.attrelid = cons.conrelid
 AND attr.attnum = cons.conkey[1]
 AND cons.contype = 'p'
 AND dep.refobjid = 'words'::regclass
[0m
  [4;36;1mSQL (0.002118)[0m   [0;1m SELECT i.relname, d.indisunique, a.attname
 FROM pg_class t, pg_class i, pg_index d, pg_attribute a
 WHERE i.relkind = 'i'
 AND d.indexrelid = i.oid
 AND d.indisprimary = 'f'
 AND t.oid = d.indrelid
 AND t.relname = 'words'
 AND a.attrelid = t.oid
 AND ( d.indkey[0]=a.attnum OR d.indkey[1]=a.attnum
 OR d.indkey[2]=a.attnum OR d.indkey[3]=a.attnum
 OR d.indkey[4]=a.attnum OR d.indkey[5]=a.attnum
 OR d.indkey[6]=a.attnum OR d.indkey[7]=a.attnum
 OR d.indkey[8]=a.attnum OR d.indkey[9]=a.attnum )
 ORDER BY i.relname
[0m
  [4;35;1mSQL (0.000000)[0m   [0mPGError: ERROR: table "users" does not exist
: DROP TABLE users[0m
  [4;36;1mSQL (0.043110)[0m   [0;1mCREATE TABLE users ("id" serial primary key, "name" character varying(255) DEFAULT NULL, "login" character varying(30) NOT NULL, "password" character varying(30) NOT NULL, "email" character varying(30) NOT NULL) [0m
  [4;35;1mSQL (0.000000)[0m   [0mPGError: ERROR: table "words" does not exist
: DROP TABLE words[0m
  [4;36;1mSQL (0.004979)[0m   [0;1mCREATE TABLE words ("id" serial primary key, "name" character varying(255) NOT NULL, "lang" character varying(2) NOT NULL) [0m
  [4;35;1mSQL (0.001144)[0m   [0mCREATE TABLE schema_info (version integer)[0m
  [4;36;1mSQL (0.000664)[0m   [0;1mINSERT INTO schema_info (version) VALUES(0)[0m
  [4;35;1mSQL (0.007987)[0m   [0m SELECT a.attname, format_type(a.atttypid, a.atttypmod), d.adsrc, a.attnotnull
 FROM pg_attribute a LEFT JOIN pg_attrdef d
 ON a.attrelid = d.adrelid AND a.attnum = d.adnum
 WHERE a.attrelid = 'schema_info'::regclass
 AND a.attnum > 0 AND NOT a.attisdropped
 ORDER BY a.attnum
[0m
  [4;36;1mSQL (0.002229)[0m   [0;1mUPDATE schema_info SET version = 4[0m
  [4;36;1mSQL (0.000706)[0m   [0;1mSELECT * FROM schema_info[0m
  [4;35;1mSQL (0.000160)[0m   [0mSHOW search_path[0m
  [4;36;1mSQL (0.002322)[0m   [0;1m SELECT tablename
 FROM pg_tables
 WHERE schemaname IN ('$user','public')
[0m
  [4;35;1mSQL (0.003446)[0m   [0m SELECT a.attname, format_type(a.atttypid, a.atttypmod), d.adsrc, a.attnotnull
 FROM pg_attribute a LEFT JOIN pg_attrdef d
 ON a.attrelid = d.adrelid AND a.attnum = d.adnum
 WHERE a.attrelid = 'users'::regclass
 AND a.attnum > 0 AND NOT a.attisdropped
 ORDER BY a.attnum
[0m
  [4;36;1mPK and serial sequence (0.006364)[0m   [0;1m SELECT attr.attname, name.nspname, seq.relname
 FROM pg_class seq,
 pg_attribute attr,
 pg_depend dep,
 pg_namespace name,
 pg_constraint cons
 WHERE seq.oid = dep.objid
 AND seq.relnamespace = name.oid
 AND seq.relkind = 'S'
 AND attr.attrelid = dep.refobjid
 AND attr.attnum = dep.refobjsubid
 AND attr.attrelid = cons.conrelid
 AND attr.attnum = cons.conkey[1]
 AND cons.contype = 'p'
 AND dep.refobjid = 'users'::regclass
[0m
  [4;35;1mSQL (0.002683)[0m   [0m SELECT i.relname, d.indisunique, a.attname
 FROM pg_class t, pg_class i, pg_index d, pg_attribute a
 WHERE i.relkind = 'i'
 AND d.indexrelid = i.oid
 AND d.indisprimary = 'f'
 AND t.oid = d.indrelid
 AND t.relname = 'users'
 AND a.attrelid = t.oid
 AND ( d.indkey[0]=a.attnum OR d.indkey[1]=a.attnum
 OR d.indkey[2]=a.attnum OR d.indkey[3]=a.attnum
 OR d.indkey[4]=a.attnum OR d.indkey[5]=a.attnum
 OR d.indkey[6]=a.attnum OR d.indkey[7]=a.attnum
 OR d.indkey[8]=a.attnum OR d.indkey[9]=a.attnum )
 ORDER BY i.relname
[0m
  [4;36;1mSQL (0.000950)[0m   [0;1m SELECT a.attname, format_type(a.atttypid, a.atttypmod), d.adsrc, a.attnotnull
 FROM pg_attribute a LEFT JOIN pg_attrdef d
 ON a.attrelid = d.adrelid AND a.attnum = d.adnum
 WHERE a.attrelid = 'words'::regclass
 AND a.attnum > 0 AND NOT a.attisdropped
 ORDER BY a.attnum
[0m
  [4;35;1mPK and serial sequence (0.004136)[0m   [0m SELECT attr.attname, name.nspname, seq.relname
 FROM pg_class seq,
 pg_attribute attr,
 pg_depend dep,
 pg_namespace name,
 pg_constraint cons
 WHERE seq.oid = dep.objid
 AND seq.relnamespace = name.oid
 AND seq.relkind = 'S'
 AND attr.attrelid = dep.refobjid
 AND attr.attnum = dep.refobjsubid
 AND attr.attrelid = cons.conrelid
 AND attr.attnum = cons.conkey[1]
 AND cons.contype = 'p'
 AND dep.refobjid = 'words'::regclass
[0m
  [4;36;1mSQL (0.001908)[0m   [0;1m SELECT i.relname, d.indisunique, a.attname
 FROM pg_class t, pg_class i, pg_index d, pg_attribute a
 WHERE i.relkind = 'i'
 AND d.indexrelid = i.oid
 AND d.indisprimary = 'f'
 AND t.oid = d.indrelid
 AND t.relname = 'words'
 AND a.attrelid = t.oid
 AND ( d.indkey[0]=a.attnum OR d.indkey[1]=a.attnum
 OR d.indkey[2]=a.attnum OR d.indkey[3]=a.attnum
 OR d.indkey[4]=a.attnum OR d.indkey[5]=a.attnum
 OR d.indkey[6]=a.attnum OR d.indkey[7]=a.attnum
 OR d.indkey[8]=a.attnum OR d.indkey[9]=a.attnum )
 ORDER BY i.relname
[0m
  [4;35;1mSQL (0.000000)[0m   [0mPGError: ERROR: table "users" does not exist
: DROP TABLE users[0m
  [4;36;1mSQL (0.013040)[0m   [0;1mCREATE TABLE users ("id" serial primary key, "name" character varying(255) DEFAULT NULL, "login" character varying(30) NOT NULL, "password" character varying(30) NOT NULL, "email" character varying(30) NOT NULL) [0m
  [4;35;1mSQL (0.000000)[0m   [0mPGError: ERROR: table "words" does not exist
: DROP TABLE words[0m
  [4;36;1mSQL (0.003667)[0m   [0;1mCREATE TABLE words ("id" serial primary key, "name" character varying(255) NOT NULL, "lang" character varying(2) NOT NULL) [0m
  [4;35;1mSQL (0.001080)[0m   [0mCREATE TABLE schema_info (version integer)[0m
  [4;36;1mSQL (0.000759)[0m   [0;1mINSERT INTO schema_info (version) VALUES(0)[0m
  [4;35;1mSQL (0.004371)[0m   [0m SELECT a.attname, format_type(a.atttypid, a.atttypmod), d.adsrc, a.attnotnull
 FROM pg_attribute a LEFT JOIN pg_attrdef d
 ON a.attrelid = d.adrelid AND a.attnum = d.adnum
 WHERE a.attrelid = 'schema_info'::regclass
 AND a.attnum > 0 AND NOT a.attisdropped
 ORDER BY a.attnum
[0m
  [4;36;1mSQL (0.045942)[0m   [0;1mUPDATE schema_info SET version = 4[0m
  [4;36;1mSQL (0.000783)[0m   [0;1mSELECT * FROM schema_info[0m
  [4;35;1mSQL (0.000135)[0m   [0mSHOW search_path[0m
  [4;36;1mSQL (0.002222)[0m   [0;1m SELECT tablename
 FROM pg_tables
 WHERE schemaname IN ('$user','public')
[0m
  [4;35;1mSQL (0.003830)[0m   [0m SELECT a.attname, format_type(a.atttypid, a.atttypmod), d.adsrc, a.attnotnull
 FROM pg_attribute a LEFT JOIN pg_attrdef d
 ON a.attrelid = d.adrelid AND a.attnum = d.adnum
 WHERE a.attrelid = 'users'::regclass
 AND a.attnum > 0 AND NOT a.attisdropped
 ORDER BY a.attnum
[0m
  [4;36;1mPK and serial sequence (0.005921)[0m   [0;1m SELECT attr.attname, name.nspname, seq.relname
 FROM pg_class seq,
 pg_attribute attr,
 pg_depend dep,
 pg_namespace name,
 pg_constraint cons
 WHERE seq.oid = dep.objid
 AND seq.relnamespace = name.oid
 AND seq.relkind = 'S'
 AND attr.attrelid = dep.refobjid
 AND attr.attnum = dep.refobjsubid
 AND attr.attrelid = cons.conrelid
 AND attr.attnum = cons.conkey[1]
 AND cons.contype = 'p'
 AND dep.refobjid = 'users'::regclass
[0m
  [4;35;1mSQL (0.002869)[0m   [0m SELECT i.relname, d.indisunique, a.attname
 FROM pg_class t, pg_class i, pg_index d, pg_attribute a
 WHERE i.relkind = 'i'
 AND d.indexrelid = i.oid
 AND d.indisprimary = 'f'
 AND t.oid = d.indrelid
 AND t.relname = 'users'
 AND a.attrelid = t.oid
 AND ( d.indkey[0]=a.attnum OR d.indkey[1]=a.attnum
 OR d.indkey[2]=a.attnum OR d.indkey[3]=a.attnum
 OR d.indkey[4]=a.attnum OR d.indkey[5]=a.attnum
 OR d.indkey[6]=a.attnum OR d.indkey[7]=a.attnum
 OR d.indkey[8]=a.attnum OR d.indkey[9]=a.attnum )
 ORDER BY i.relname
[0m
  [4;36;1mSQL (0.001194)[0m   [0;1m SELECT a.attname, format_type(a.atttypid, a.atttypmod), d.adsrc, a.attnotnull
 FROM pg_attribute a LEFT JOIN pg_attrdef d
 ON a.attrelid = d.adrelid AND a.attnum = d.adnum
 WHERE a.attrelid = 'words'::regclass
 AND a.attnum > 0 AND NOT a.attisdropped
 ORDER BY a.attnum
[0m
  [4;35;1mPK and serial sequence (0.004190)[0m   [0m SELECT attr.attname, name.nspname, seq.relname
 FROM pg_class seq,
 pg_attribute attr,
 pg_depend dep,
 pg_namespace name,
 pg_constraint cons
 WHERE seq.oid = dep.objid
 AND seq.relnamespace = name.oid
 AND seq.relkind = 'S'
 AND attr.attrelid = dep.refobjid
 AND attr.attnum = dep.refobjsubid
 AND attr.attrelid = cons.conrelid
 AND attr.attnum = cons.conkey[1]
 AND cons.contype = 'p'
 AND dep.refobjid = 'words'::regclass
[0m
  [4;36;1mSQL (0.001884)[0m   [0;1m SELECT i.relname, d.indisunique, a.attname
 FROM pg_class t, pg_class i, pg_index d, pg_attribute a
 WHERE i.relkind = 'i'
 AND d.indexrelid = i.oid
 AND d.indisprimary = 'f'
 AND t.oid = d.indrelid
 AND t.relname = 'words'
 AND a.attrelid = t.oid
 AND ( d.indkey[0]=a.attnum OR d.indkey[1]=a.attnum
 OR d.indkey[2]=a.attnum OR d.indkey[3]=a.attnum
 OR d.indkey[4]=a.attnum OR d.indkey[5]=a.attnum
 OR d.indkey[6]=a.attnum OR d.indkey[7]=a.attnum
 OR d.indkey[8]=a.attnum OR d.indkey[9]=a.attnum )
 ORDER BY i.relname
[0m
  [4;35;1mSQL (0.000000)[0m   [0mPGError: ERROR: table "users" does not exist
: DROP TABLE users[0m
  [4;36;1mSQL (0.012543)[0m   [0;1mCREATE TABLE users ("id" serial primary key, "name" character varying(255) DEFAULT NULL, "login" character varying(30) NOT NULL, "password" character varying(30) NOT NULL, "email" character varying(30) NOT NULL) [0m
  [4;35;1mSQL (0.000000)[0m   [0mPGError: ERROR: table "words" does not exist
: DROP TABLE words[0m
  [4;36;1mSQL (0.003680)[0m   [0;1mCREATE TABLE words ("id" serial primary key, "name" character varying(255) NOT NULL, "lang" character varying(2) NOT NULL) [0m
  [4;35;1mSQL (0.001172)[0m   [0mCREATE TABLE schema_info (version integer)[0m
  [4;36;1mSQL (0.057164)[0m   [0;1mINSERT INTO schema_info (version) VALUES(0)[0m
  [4;35;1mSQL (0.004190)[0m   [0m SELECT a.attname, format_type(a.atttypid, a.atttypmod), d.adsrc, a.attnotnull
 FROM pg_attribute a LEFT JOIN pg_attrdef d
 ON a.attrelid = d.adrelid AND a.attnum = d.adnum
 WHERE a.attrelid = 'schema_info'::regclass
 AND a.attnum > 0 AND NOT a.attisdropped
 ORDER BY a.attnum
[0m
  [4;36;1mSQL (0.000666)[0m   [0;1mUPDATE schema_info SET version = 4[0m
  [4;36;1mSQL (0.000000)[0m   [0;1mPGError: ERROR: relation "schema_info" already exists
: CREATE TABLE schema_info (version integer)[0m
  [4;35;1mSQL (0.000000)[0m   [0mPGError: ERROR: relation "schema_info" already exists
: CREATE TABLE schema_info (version integer)[0m
  [4;36;1mSQL (0.000573)[0m   [0;1mSELECT version FROM schema_info[0m
  [4;35;1mSQL (0.000137)[0m   [0mSELECT version FROM schema_info[0m
  [4;36;1mSQL (0.000165)[0m   [0;1mSELECT version FROM schema_info[0m
  [4;35;1mSQL (0.000126)[0m   [0mSELECT version FROM schema_info[0m
  [4;36;1mSQL (0.000126)[0m   [0;1mSELECT version FROM schema_info[0m
Migrating to ReaddMeaningAsHasManyThrough (5)
  [4;35;1mSQL (0.244961)[0m   [0mCREATE TABLE meanings ("id" serial primary key, "word_id" integer DEFAULT NULL, "synonym_word_id" integer DEFAULT NULL) [0m
  [4;36;1mSQL (0.060851)[0m   [0;1mUPDATE schema_info SET version = 5[0m
  [4;35;1mSQL (0.000394)[0m   [0mSELECT * FROM schema_info[0m
  [4;36;1mSQL (0.000142)[0m   [0;1mSHOW search_path[0m
  [4;35;1mSQL (0.001983)[0m   [0m SELECT tablename
 FROM pg_tables
 WHERE schemaname IN ('$user','public')
[0m
  [4;36;1mSQL (0.003107)[0m   [0;1m SELECT a.attname, format_type(a.atttypid, a.atttypmod), d.adsrc, a.attnotnull
 FROM pg_attribute a LEFT JOIN pg_attrdef d
 ON a.attrelid = d.adrelid AND a.attnum = d.adnum
 WHERE a.attrelid = 'meanings'::regclass
 AND a.attnum > 0 AND NOT a.attisdropped
 ORDER BY a.attnum
[0m
  [4;35;1mPK and serial sequence (0.004738)[0m   [0m SELECT attr.attname, name.nspname, seq.relname
 FROM pg_class seq,
 pg_attribute attr,
 pg_depend dep,
 pg_namespace name,
 pg_constraint cons
 WHERE seq.oid = dep.objid
 AND seq.relnamespace = name.oid
 AND seq.relkind = 'S'
 AND attr.attrelid = dep.refobjid
 AND attr.attnum = dep.refobjsubid
 AND attr.attrelid = cons.conrelid
 AND attr.attnum = cons.conkey[1]
 AND cons.contype = 'p'
 AND dep.refobjid = 'meanings'::regclass
[0m
  [4;36;1mSQL (0.002707)[0m   [0;1m SELECT i.relname, d.indisunique, a.attname
 FROM pg_class t, pg_class i, pg_index d, pg_attribute a
 WHERE i.relkind = 'i'
 AND d.indexrelid = i.oid
 AND d.indisprimary = 'f'
 AND t.oid = d.indrelid
 AND t.relname = 'meanings'
 AND a.attrelid = t.oid
 AND ( d.indkey[0]=a.attnum OR d.indkey[1]=a.attnum
 OR d.indkey[2]=a.attnum OR d.indkey[3]=a.attnum
 OR d.indkey[4]=a.attnum OR d.indkey[5]=a.attnum
 OR d.indkey[6]=a.attnum OR d.indkey[7]=a.attnum
 OR d.indkey[8]=a.attnum OR d.indkey[9]=a.attnum )
 ORDER BY i.relname
[0m
  [4;35;1mSQL (0.001111)[0m   [0m SELECT a.attname, format_type(a.atttypid, a.atttypmod), d.adsrc, a.attnotnull
 FROM pg_attribute a LEFT JOIN pg_attrdef d
 ON a.attrelid = d.adrelid AND a.attnum = d.adnum
 WHERE a.attrelid = 'users'::regclass
 AND a.attnum > 0 AND NOT a.attisdropped
 ORDER BY a.attnum
[0m
  [4;36;1mPK and serial sequence (0.004193)[0m   [0;1m SELECT attr.attname, name.nspname, seq.relname
 FROM pg_class seq,
 pg_attribute attr,
 pg_depend dep,
 pg_namespace name,
 pg_constraint cons
 WHERE seq.oid = dep.objid
 AND seq.relnamespace = name.oid
 AND seq.relkind = 'S'
 AND attr.attrelid = dep.refobjid
 AND attr.attnum = dep.refobjsubid
 AND attr.attrelid = cons.conrelid
 AND attr.attnum = cons.conkey[1]
 AND cons.contype = 'p'
 AND dep.refobjid = 'users'::regclass
[0m
  [4;35;1mSQL (0.002708)[0m   [0m SELECT i.relname, d.indisunique, a.attname
 FROM pg_class t, pg_class i, pg_index d, pg_attribute a
 WHERE i.relkind = 'i'
 AND d.indexrelid = i.oid
 AND d.indisprimary = 'f'
 AND t.oid = d.indrelid
 AND t.relname = 'users'
 AND a.attrelid = t.oid
 AND ( d.indkey[0]=a.attnum OR d.indkey[1]=a.attnum
 OR d.indkey[2]=a.attnum OR d.indkey[3]=a.attnum
 OR d.indkey[4]=a.attnum OR d.indkey[5]=a.attnum
 OR d.indkey[6]=a.attnum OR d.indkey[7]=a.attnum
 OR d.indkey[8]=a.attnum OR d.indkey[9]=a.attnum )
 ORDER BY i.relname
[0m
  [4;36;1mSQL (0.001094)[0m   [0;1m SELECT a.attname, format_type(a.atttypid, a.atttypmod), d.adsrc, a.attnotnull
 FROM pg_attribute a LEFT JOIN pg_attrdef d
 ON a.attrelid = d.adrelid AND a.attnum = d.adnum
 WHERE a.attrelid = 'words'::regclass
 AND a.attnum > 0 AND NOT a.attisdropped
 ORDER BY a.attnum
[0m
  [4;35;1mPK and serial sequence (0.003997)[0m   [0m SELECT attr.attname, name.nspname, seq.relname
 FROM pg_class seq,
 pg_attribute attr,
 pg_depend dep,
 pg_namespace name,
 pg_constraint cons
 WHERE seq.oid = dep.objid
 AND seq.relnamespace = name.oid
 AND seq.relkind = 'S'
 AND attr.attrelid = dep.refobjid
 AND attr.attnum = dep.refobjsubid
 AND attr.attrelid = cons.conrelid
 AND attr.attnum = cons.conkey[1]
 AND cons.contype = 'p'
 AND dep.refobjid = 'words'::regclass
[0m
  [4;36;1mSQL (0.002259)[0m   [0;1m SELECT i.relname, d.indisunique, a.attname
 FROM pg_class t, pg_class i, pg_index d, pg_attribute a
 WHERE i.relkind = 'i'
 AND d.indexrelid = i.oid
 AND d.indisprimary = 'f'
 AND t.oid = d.indrelid
 AND t.relname = 'words'
 AND a.attrelid = t.oid
 AND ( d.indkey[0]=a.attnum OR d.indkey[1]=a.attnum
 OR d.indkey[2]=a.attnum OR d.indkey[3]=a.attnum
 OR d.indkey[4]=a.attnum OR d.indkey[5]=a.attnum
 OR d.indkey[6]=a.attnum OR d.indkey[7]=a.attnum
 OR d.indkey[8]=a.attnum OR d.indkey[9]=a.attnum )
 ORDER BY i.relname
[0m
  [4;36;1mSQL (0.000741)[0m   [0;1mSELECT * FROM schema_info[0m
  [4;35;1mSQL (0.000192)[0m   [0mSHOW search_path[0m
  [4;36;1mSQL (0.002304)[0m   [0;1m SELECT tablename
 FROM pg_tables
 WHERE schemaname IN ('$user','public')
[0m
  [4;35;1mSQL (0.003400)[0m   [0m SELECT a.attname, format_type(a.atttypid, a.atttypmod), d.adsrc, a.attnotnull
 FROM pg_attribute a LEFT JOIN pg_attrdef d
 ON a.attrelid = d.adrelid AND a.attnum = d.adnum
 WHERE a.attrelid = 'meanings'::regclass
 AND a.attnum > 0 AND NOT a.attisdropped
 ORDER BY a.attnum
[0m
  [4;36;1mPK and serial sequence (0.005329)[0m   [0;1m SELECT attr.attname, name.nspname, seq.relname
 FROM pg_class seq,
 pg_attribute attr,
 pg_depend dep,
 pg_namespace name,
 pg_constraint cons
 WHERE seq.oid = dep.objid
 AND seq.relnamespace = name.oid
 AND seq.relkind = 'S'
 AND attr.attrelid = dep.refobjid
 AND attr.attnum = dep.refobjsubid
 AND attr.attrelid = cons.conrelid
 AND attr.attnum = cons.conkey[1]
 AND cons.contype = 'p'
 AND dep.refobjid = 'meanings'::regclass
[0m
  [4;35;1mSQL (0.002803)[0m   [0m SELECT i.relname, d.indisunique, a.attname
 FROM pg_class t, pg_class i, pg_index d, pg_attribute a
 WHERE i.relkind = 'i'
 AND d.indexrelid = i.oid
 AND d.indisprimary = 'f'
 AND t.oid = d.indrelid
 AND t.relname = 'meanings'
 AND a.attrelid = t.oid
 AND ( d.indkey[0]=a.attnum OR d.indkey[1]=a.attnum
 OR d.indkey[2]=a.attnum OR d.indkey[3]=a.attnum
 OR d.indkey[4]=a.attnum OR d.indkey[5]=a.attnum
 OR d.indkey[6]=a.attnum OR d.indkey[7]=a.attnum
 OR d.indkey[8]=a.attnum OR d.indkey[9]=a.attnum )
 ORDER BY i.relname
[0m
  [4;36;1mSQL (0.001334)[0m   [0;1m SELECT a.attname, format_type(a.atttypid, a.atttypmod), d.adsrc, a.attnotnull
 FROM pg_attribute a LEFT JOIN pg_attrdef d
 ON a.attrelid = d.adrelid AND a.attnum = d.adnum
 WHERE a.attrelid = 'users'::regclass
 AND a.attnum > 0 AND NOT a.attisdropped
 ORDER BY a.attnum
[0m
  [4;35;1mPK and serial sequence (0.004018)[0m   [0m SELECT attr.attname, name.nspname, seq.relname
 FROM pg_class seq,
 pg_attribute attr,
 pg_depend dep,
 pg_namespace name,
 pg_constraint cons
 WHERE seq.oid = dep.objid
 AND seq.relnamespace = name.oid
 AND seq.relkind = 'S'
 AND attr.attrelid = dep.refobjid
 AND attr.attnum = dep.refobjsubid
 AND attr.attrelid = cons.conrelid
 AND attr.attnum = cons.conkey[1]
 AND cons.contype = 'p'
 AND dep.refobjid = 'users'::regclass
[0m
  [4;36;1mSQL (0.002142)[0m   [0;1m SELECT i.relname, d.indisunique, a.attname
 FROM pg_class t, pg_class i, pg_index d, pg_attribute a
 WHERE i.relkind = 'i'
 AND d.indexrelid = i.oid
 AND d.indisprimary = 'f'
 AND t.oid = d.indrelid
 AND t.relname = 'users'
 AND a.attrelid = t.oid
 AND ( d.indkey[0]=a.attnum OR d.indkey[1]=a.attnum
 OR d.indkey[2]=a.attnum OR d.indkey[3]=a.attnum
 OR d.indkey[4]=a.attnum OR d.indkey[5]=a.attnum
 OR d.indkey[6]=a.attnum OR d.indkey[7]=a.attnum
 OR d.indkey[8]=a.attnum OR d.indkey[9]=a.attnum )
 ORDER BY i.relname
[0m
  [4;35;1mSQL (0.000957)[0m   [0m SELECT a.attname, format_type(a.atttypid, a.atttypmod), d.adsrc, a.attnotnull
 FROM pg_attribute a LEFT JOIN pg_attrdef d
 ON a.attrelid = d.adrelid AND a.attnum = d.adnum
 WHERE a.attrelid = 'words'::regclass
 AND a.attnum > 0 AND NOT a.attisdropped
 ORDER BY a.attnum
[0m
  [4;36;1mPK and serial sequence (0.003909)[0m   [0;1m SELECT attr.attname, name.nspname, seq.relname
 FROM pg_class seq,
 pg_attribute attr,
 pg_depend dep,
 pg_namespace name,
 pg_constraint cons
 WHERE seq.oid = dep.objid
 AND seq.relnamespace = name.oid
 AND seq.relkind = 'S'
 AND attr.attrelid = dep.refobjid
 AND attr.attnum = dep.refobjsubid
 AND attr.attrelid = cons.conrelid
 AND attr.attnum = cons.conkey[1]
 AND cons.contype = 'p'
 AND dep.refobjid = 'words'::regclass
[0m
  [4;35;1mSQL (0.001920)[0m   [0m SELECT i.relname, d.indisunique, a.attname
 FROM pg_class t, pg_class i, pg_index d, pg_attribute a
 WHERE i.relkind = 'i'
 AND d.indexrelid = i.oid
 AND d.indisprimary = 'f'
 AND t.oid = d.indrelid
 AND t.relname = 'words'
 AND a.attrelid = t.oid
 AND ( d.indkey[0]=a.attnum OR d.indkey[1]=a.attnum
 OR d.indkey[2]=a.attnum OR d.indkey[3]=a.attnum
 OR d.indkey[4]=a.attnum OR d.indkey[5]=a.attnum
 OR d.indkey[6]=a.attnum OR d.indkey[7]=a.attnum
 OR d.indkey[8]=a.attnum OR d.indkey[9]=a.attnum )
 ORDER BY i.relname
[0m
  [4;36;1mSQL (0.000000)[0m   [0;1mPGError: ERROR: table "meanings" does not exist
: DROP TABLE meanings[0m
  [4;35;1mSQL (0.012580)[0m   [0mCREATE TABLE meanings ("id" serial primary key, "word_id" integer DEFAULT NULL, "synonym_word_id" integer DEFAULT NULL) [0m
  [4;36;1mSQL (0.000000)[0m   [0;1mPGError: ERROR: table "users" does not exist
: DROP TABLE users[0m
  [4;35;1mSQL (0.004517)[0m   [0mCREATE TABLE users ("id" serial primary key, "name" character varying(255) DEFAULT NULL, "login" character varying(30) NOT NULL, "password" character varying(30) NOT NULL, "email" character varying(30) NOT NULL) [0m
  [4;36;1mSQL (0.000000)[0m   [0;1mPGError: ERROR: table "words" does not exist
: DROP TABLE words[0m
  [4;35;1mSQL (0.095871)[0m   [0mCREATE TABLE words ("id" serial primary key, "name" character varying(255) NOT NULL, "lang" character varying(2) NOT NULL) [0m
  [4;36;1mSQL (0.001338)[0m   [0;1mCREATE TABLE schema_info (version integer)[0m
  [4;35;1mSQL (0.000803)[0m   [0mINSERT INTO schema_info (version) VALUES(0)[0m
  [4;36;1mSQL (0.004163)[0m   [0;1m SELECT a.attname, format_type(a.atttypid, a.atttypmod), d.adsrc, a.attnotnull
 FROM pg_attribute a LEFT JOIN pg_attrdef d
 ON a.attrelid = d.adrelid AND a.attnum = d.adnum
 WHERE a.attrelid = 'schema_info'::regclass
 AND a.attnum > 0 AND NOT a.attisdropped
 ORDER BY a.attnum
[0m
  [4;35;1mSQL (0.000670)[0m   [0mUPDATE schema_info SET version = 5[0m
  [4;36;1mSQL (0.001084)[0m   [0;1mSELECT * FROM schema_info[0m
  [4;35;1mSQL (0.000201)[0m   [0mSHOW search_path[0m
  [4;36;1mSQL (0.002446)[0m   [0;1m SELECT tablename
 FROM pg_tables
 WHERE schemaname IN ('$user','public')
[0m
  [4;35;1mSQL (0.003374)[0m   [0m SELECT a.attname, format_type(a.atttypid, a.atttypmod), d.adsrc, a.attnotnull
 FROM pg_attribute a LEFT JOIN pg_attrdef d
 ON a.attrelid = d.adrelid AND a.attnum = d.adnum
 WHERE a.attrelid = 'meanings'::regclass
 AND a.attnum > 0 AND NOT a.attisdropped
 ORDER BY a.attnum
[0m
  [4;36;1mPK and serial sequence (0.005595)[0m   [0;1m SELECT attr.attname, name.nspname, seq.relname
 FROM pg_class seq,
 pg_attribute attr,
 pg_depend dep,
 pg_namespace name,
 pg_constraint cons
 WHERE seq.oid = dep.objid
 AND seq.relnamespace = name.oid
 AND seq.relkind = 'S'
 AND attr.attrelid = dep.refobjid
 AND attr.attnum = dep.refobjsubid
 AND attr.attrelid = cons.conrelid
 AND attr.attnum = cons.conkey[1]
 AND cons.contype = 'p'
 AND dep.refobjid = 'meanings'::regclass
[0m
  [4;35;1mSQL (0.002734)[0m   [0m SELECT i.relname, d.indisunique, a.attname
 FROM pg_class t, pg_class i, pg_index d, pg_attribute a
 WHERE i.relkind = 'i'
 AND d.indexrelid = i.oid
 AND d.indisprimary = 'f'
 AND t.oid = d.indrelid
 AND t.relname = 'meanings'
 AND a.attrelid = t.oid
 AND ( d.indkey[0]=a.attnum OR d.indkey[1]=a.attnum
 OR d.indkey[2]=a.attnum OR d.indkey[3]=a.attnum
 OR d.indkey[4]=a.attnum OR d.indkey[5]=a.attnum
 OR d.indkey[6]=a.attnum OR d.indkey[7]=a.attnum
 OR d.indkey[8]=a.attnum OR d.indkey[9]=a.attnum )
 ORDER BY i.relname
[0m
  [4;36;1mSQL (0.000999)[0m   [0;1m SELECT a.attname, format_type(a.atttypid, a.atttypmod), d.adsrc, a.attnotnull
 FROM pg_attribute a LEFT JOIN pg_attrdef d
 ON a.attrelid = d.adrelid AND a.attnum = d.adnum
 WHERE a.attrelid = 'users'::regclass
 AND a.attnum > 0 AND NOT a.attisdropped
 ORDER BY a.attnum
[0m
  [4;35;1mPK and serial sequence (0.003963)[0m   [0m SELECT attr.attname, name.nspname, seq.relname
 FROM pg_class seq,
 pg_attribute attr,
 pg_depend dep,
 pg_namespace name,
 pg_constraint cons
 WHERE seq.oid = dep.objid
 AND seq.relnamespace = name.oid
 AND seq.relkind = 'S'
 AND attr.attrelid = dep.refobjid
 AND attr.attnum = dep.refobjsubid
 AND attr.attrelid = cons.conrelid
 AND attr.attnum = cons.conkey[1]
 AND cons.contype = 'p'
 AND dep.refobjid = 'users'::regclass
[0m
  [4;36;1mSQL (0.002147)[0m   [0;1m SELECT i.relname, d.indisunique, a.attname
 FROM pg_class t, pg_class i, pg_index d, pg_attribute a
 WHERE i.relkind = 'i'
 AND d.indexrelid = i.oid
 AND d.indisprimary = 'f'
 AND t.oid = d.indrelid
 AND t.relname = 'users'
 AND a.attrelid = t.oid
 AND ( d.indkey[0]=a.attnum OR d.indkey[1]=a.attnum
 OR d.indkey[2]=a.attnum OR d.indkey[3]=a.attnum
 OR d.indkey[4]=a.attnum OR d.indkey[5]=a.attnum
 OR d.indkey[6]=a.attnum OR d.indkey[7]=a.attnum
 OR d.indkey[8]=a.attnum OR d.indkey[9]=a.attnum )
 ORDER BY i.relname
[0m
  [4;35;1mSQL (0.000999)[0m   [0m SELECT a.attname, format_type(a.atttypid, a.atttypmod), d.adsrc, a.attnotnull
 FROM pg_attribute a LEFT JOIN pg_attrdef d
 ON a.attrelid = d.adrelid AND a.attnum = d.adnum
 WHERE a.attrelid = 'words'::regclass
 AND a.attnum > 0 AND NOT a.attisdropped
 ORDER BY a.attnum
[0m
  [4;36;1mPK and serial sequence (0.004455)[0m   [0;1m SELECT attr.attname, name.nspname, seq.relname
 FROM pg_class seq,
 pg_attribute attr,
 pg_depend dep,
 pg_namespace name,
 pg_constraint cons
 WHERE seq.oid = dep.objid
 AND seq.relnamespace = name.oid
 AND seq.relkind = 'S'
 AND attr.attrelid = dep.refobjid
 AND attr.attnum = dep.refobjsubid
 AND attr.attrelid = cons.conrelid
 AND attr.attnum = cons.conkey[1]
 AND cons.contype = 'p'
 AND dep.refobjid = 'words'::regclass
[0m
  [4;35;1mSQL (0.003413)[0m   [0m SELECT i.relname, d.indisunique, a.attname
 FROM pg_class t, pg_class i, pg_index d, pg_attribute a
 WHERE i.relkind = 'i'
 AND d.indexrelid = i.oid
 AND d.indisprimary = 'f'
 AND t.oid = d.indrelid
 AND t.relname = 'words'
 AND a.attrelid = t.oid
 AND ( d.indkey[0]=a.attnum OR d.indkey[1]=a.attnum
 OR d.indkey[2]=a.attnum OR d.indkey[3]=a.attnum
 OR d.indkey[4]=a.attnum OR d.indkey[5]=a.attnum
 OR d.indkey[6]=a.attnum OR d.indkey[7]=a.attnum
 OR d.indkey[8]=a.attnum OR d.indkey[9]=a.attnum )
 ORDER BY i.relname
[0m
  [4;36;1mSQL (0.000000)[0m   [0;1mPGError: ERROR: table "meanings" does not exist
: DROP TABLE meanings[0m
  [4;35;1mSQL (0.014804)[0m   [0mCREATE TABLE meanings ("id" serial primary key, "word_id" integer DEFAULT NULL, "synonym_word_id" integer DEFAULT NULL) [0m
  [4;36;1mSQL (0.000000)[0m   [0;1mPGError: ERROR: table "users" does not exist
: DROP TABLE users[0m
  [4;35;1mSQL (0.004397)[0m   [0mCREATE TABLE users ("id" serial primary key, "name" character varying(255) DEFAULT NULL, "login" character varying(30) NOT NULL, "password" character varying(30) NOT NULL, "email" character varying(30) NOT NULL) [0m
  [4;36;1mSQL (0.000000)[0m   [0;1mPGError: ERROR: table "words" does not exist
: DROP TABLE words[0m
  [4;35;1mSQL (0.003431)[0m   [0mCREATE TABLE words ("id" serial primary key, "name" character varying(255) NOT NULL, "lang" character varying(2) NOT NULL) [0m
  [4;36;1mSQL (0.001068)[0m   [0;1mCREATE TABLE schema_info (version integer)[0m
  [4;35;1mSQL (0.039825)[0m   [0mINSERT INTO schema_info (version) VALUES(0)[0m
  [4;36;1mSQL (0.004298)[0m   [0;1m SELECT a.attname, format_type(a.atttypid, a.atttypmod), d.adsrc, a.attnotnull
 FROM pg_attribute a LEFT JOIN pg_attrdef d
 ON a.attrelid = d.adrelid AND a.attnum = d.adnum
 WHERE a.attrelid = 'schema_info'::regclass
 AND a.attnum > 0 AND NOT a.attisdropped
 ORDER BY a.attnum
[0m
  [4;35;1mSQL (0.024342)[0m   [0mUPDATE schema_info SET version = 5[0m
  [4;36;1mSQL (0.000703)[0m   [0;1mSELECT * FROM schema_info[0m
  [4;35;1mSQL (0.000166)[0m   [0mSHOW search_path[0m
  [4;36;1mSQL (0.002320)[0m   [0;1m SELECT tablename
 FROM pg_tables
 WHERE schemaname IN ('$user','public')
[0m
  [4;35;1mSQL (0.003409)[0m   [0m SELECT a.attname, format_type(a.atttypid, a.atttypmod), d.adsrc, a.attnotnull
 FROM pg_attribute a LEFT JOIN pg_attrdef d
 ON a.attrelid = d.adrelid AND a.attnum = d.adnum
 WHERE a.attrelid = 'meanings'::regclass
 AND a.attnum > 0 AND NOT a.attisdropped
 ORDER BY a.attnum
[0m
  [4;36;1mPK and serial sequence (0.005465)[0m   [0;1m SELECT attr.attname, name.nspname, seq.relname
 FROM pg_class seq,
 pg_attribute attr,
 pg_depend dep,
 pg_namespace name,
 pg_constraint cons
 WHERE seq.oid = dep.objid
 AND seq.relnamespace = name.oid
 AND seq.relkind = 'S'
 AND attr.attrelid = dep.refobjid
 AND attr.attnum = dep.refobjsubid
 AND attr.attrelid = cons.conrelid
 AND attr.attnum = cons.conkey[1]
 AND cons.contype = 'p'
 AND dep.refobjid = 'meanings'::regclass
[0m
  [4;35;1mSQL (0.002710)[0m   [0m SELECT i.relname, d.indisunique, a.attname
 FROM pg_class t, pg_class i, pg_index d, pg_attribute a
 WHERE i.relkind = 'i'
 AND d.indexrelid = i.oid
 AND d.indisprimary = 'f'
 AND t.oid = d.indrelid
 AND t.relname = 'meanings'
 AND a.attrelid = t.oid
 AND ( d.indkey[0]=a.attnum OR d.indkey[1]=a.attnum
 OR d.indkey[2]=a.attnum OR d.indkey[3]=a.attnum
 OR d.indkey[4]=a.attnum OR d.indkey[5]=a.attnum
 OR d.indkey[6]=a.attnum OR d.indkey[7]=a.attnum
 OR d.indkey[8]=a.attnum OR d.indkey[9]=a.attnum )
 ORDER BY i.relname
[0m
  [4;36;1mSQL (0.001028)[0m   [0;1m SELECT a.attname, format_type(a.atttypid, a.atttypmod), d.adsrc, a.attnotnull
 FROM pg_attribute a LEFT JOIN pg_attrdef d
 ON a.attrelid = d.adrelid AND a.attnum = d.adnum
 WHERE a.attrelid = 'users'::regclass
 AND a.attnum > 0 AND NOT a.attisdropped
 ORDER BY a.attnum
[0m
  [4;35;1mPK and serial sequence (0.003936)[0m   [0m SELECT attr.attname, name.nspname, seq.relname
 FROM pg_class seq,
 pg_attribute attr,
 pg_depend dep,
 pg_namespace name,
 pg_constraint cons
 WHERE seq.oid = dep.objid
 AND seq.relnamespace = name.oid
 AND seq.relkind = 'S'
 AND attr.attrelid = dep.refobjid
 AND attr.attnum = dep.refobjsubid
 AND attr.attrelid = cons.conrelid
 AND attr.attnum = cons.conkey[1]
 AND cons.contype = 'p'
 AND dep.refobjid = 'users'::regclass
[0m
  [4;36;1mSQL (0.001880)[0m   [0;1m SELECT i.relname, d.indisunique, a.attname
 FROM pg_class t, pg_class i, pg_index d, pg_attribute a
 WHERE i.relkind = 'i'
 AND d.indexrelid = i.oid
 AND d.indisprimary = 'f'
 AND t.oid = d.indrelid
 AND t.relname = 'users'
 AND a.attrelid = t.oid
 AND ( d.indkey[0]=a.attnum OR d.indkey[1]=a.attnum
 OR d.indkey[2]=a.attnum OR d.indkey[3]=a.attnum
 OR d.indkey[4]=a.attnum OR d.indkey[5]=a.attnum
 OR d.indkey[6]=a.attnum OR d.indkey[7]=a.attnum
 OR d.indkey[8]=a.attnum OR d.indkey[9]=a.attnum )
 ORDER BY i.relname
[0m
  [4;35;1mSQL (0.001155)[0m   [0m SELECT a.attname, format_type(a.atttypid, a.atttypmod), d.adsrc, a.attnotnull
 FROM pg_attribute a LEFT JOIN pg_attrdef d
 ON a.attrelid = d.adrelid AND a.attnum = d.adnum
 WHERE a.attrelid = 'words'::regclass
 AND a.attnum > 0 AND NOT a.attisdropped
 ORDER BY a.attnum
[0m
  [4;36;1mPK and serial sequence (0.003910)[0m   [0;1m SELECT attr.attname, name.nspname, seq.relname
 FROM pg_class seq,
 pg_attribute attr,
 pg_depend dep,
 pg_namespace name,
 pg_constraint cons
 WHERE seq.oid = dep.objid
 AND seq.relnamespace = name.oid
 AND seq.relkind = 'S'
 AND attr.attrelid = dep.refobjid
 AND attr.attnum = dep.refobjsubid
 AND attr.attrelid = cons.conrelid
 AND attr.attnum = cons.conkey[1]
 AND cons.contype = 'p'
 AND dep.refobjid = 'words'::regclass
[0m
  [4;35;1mSQL (0.002177)[0m   [0m SELECT i.relname, d.indisunique, a.attname
 FROM pg_class t, pg_class i, pg_index d, pg_attribute a
 WHERE i.relkind = 'i'
 AND d.indexrelid = i.oid
 AND d.indisprimary = 'f'
 AND t.oid = d.indrelid
 AND t.relname = 'words'
 AND a.attrelid = t.oid
 AND ( d.indkey[0]=a.attnum OR d.indkey[1]=a.attnum
 OR d.indkey[2]=a.attnum OR d.indkey[3]=a.attnum
 OR d.indkey[4]=a.attnum OR d.indkey[5]=a.attnum
 OR d.indkey[6]=a.attnum OR d.indkey[7]=a.attnum
 OR d.indkey[8]=a.attnum OR d.indkey[9]=a.attnum )
 ORDER BY i.relname
[0m
  [4;36;1mSQL (0.000000)[0m   [0;1mPGError: ERROR: table "meanings" does not exist
: DROP TABLE meanings[0m
  [4;35;1mSQL (0.012339)[0m   [0mCREATE TABLE meanings ("id" serial primary key, "word_id" integer DEFAULT NULL, "synonym_word_id" integer DEFAULT NULL) [0m
  [4;36;1mSQL (0.000000)[0m   [0;1mPGError: ERROR: table "users" does not exist
: DROP TABLE users[0m
  [4;35;1mSQL (0.060419)[0m   [0mCREATE TABLE users ("id" serial primary key, "name" character varying(255) DEFAULT NULL, "login" character varying(30) NOT NULL, "password" character varying(30) NOT NULL, "email" character varying(30) NOT NULL) [0m
  [4;36;1mSQL (0.000000)[0m   [0;1mPGError: ERROR: table "words" does not exist
: DROP TABLE words[0m
  [4;35;1mSQL (0.003234)[0m   [0mCREATE TABLE words ("id" serial primary key, "name" character varying(255) NOT NULL, "lang" character varying(2) NOT NULL) [0m
  [4;36;1mSQL (0.001000)[0m   [0;1mCREATE TABLE schema_info (version integer)[0m
  [4;35;1mSQL (0.000665)[0m   [0mINSERT INTO schema_info (version) VALUES(0)[0m
  [4;36;1mSQL (0.004009)[0m   [0;1m SELECT a.attname, format_type(a.atttypid, a.atttypmod), d.adsrc, a.attnotnull
 FROM pg_attribute a LEFT JOIN pg_attrdef d
 ON a.attrelid = d.adrelid AND a.attnum = d.adnum
 WHERE a.attrelid = 'schema_info'::regclass
 AND a.attnum > 0 AND NOT a.attisdropped
 ORDER BY a.attnum
[0m
  [4;35;1mSQL (0.000658)[0m   [0mUPDATE schema_info SET version = 5[0m
DEPRECATION WARNING: find_all is deprecated and will be removed from Rails 2.0 (use find(:all, ...))  See http://www.rubyonrails.org/deprecation for details. (called from irb_binding at (irb):1)
  [4;36;1mWord Load (0.047359)[0m   [0;1mSELECT * FROM words [0m
  [4;35;1mWord Load (0.000758)[0m   [0mSELECT * FROM words LIMIT 1[0m
  [4;36;1mWord Load (0.001097)[0m   [0;1mSELECT * FROM words LIMIT 1[0m
  [4;35;1mSQL (0.013259)[0m   [0m SELECT a.attname, format_type(a.atttypid, a.atttypmod), d.adsrc, a.attnotnull
 FROM pg_attribute a LEFT JOIN pg_attrdef d
 ON a.attrelid = d.adrelid AND a.attnum = d.adnum
 WHERE a.attrelid = 'words'::regclass
 AND a.attnum > 0 AND NOT a.attisdropped
 ORDER BY a.attnum
[0m
  [4;36;1mWord Load (0.001806)[0m   [0;1mSELECT words.* FROM words INNER JOIN meanings ON words.id = meanings.synonym_word_id WHERE ((meanings.word_id = 3)) [0m
  [4;35;1mWord Load (0.001339)[0m   [0mSELECT * FROM words WHERE (words."id" = 4) [0m
  [4;36;1mWord Load (0.001099)[0m   [0;1mSELECT * FROM words WHERE (words."id" = 4) [0m
  [4;35;1mWord Load (0.001095)[0m   [0mSELECT * FROM words WHERE (words."id" = 4) [0m
  [4;36;1mSQL (0.000173)[0m   [0;1mBEGIN[0m
  [4;35;1mWord Update (0.005053)[0m   [0mUPDATE words SET "name" = 'fosztogat', "lang" = 'en' WHERE "id" = 4[0m
  [4;36;1mSQL (0.007055)[0m   [0;1mCOMMIT[0m
  [4;35;1mWord Load (0.001093)[0m   [0mSELECT * FROM words WHERE (words."id" = 4) [0m
  [4;36;1mWord Load (0.001470)[0m   [0;1mSELECT * FROM words WHERE (words."id" = 4) [0m
  [4;35;1mSQL (0.000138)[0m   [0mBEGIN[0m
  [4;36;1mWord Update (0.004503)[0m   [0;1mUPDATE words SET "name" = 'fosztogat', "lang" = 'hu' WHERE "id" = 4[0m
  [4;35;1mSQL (0.087956)[0m   [0mCOMMIT[0m
  [4;36;1mWord Load (0.001115)[0m   [0;1mSELECT * FROM words WHERE (words."id" = 4) [0m
  [4;35;1mSQL (0.000352)[0m   [0mBEGIN[0m
  [4;36;1mSQL (0.002599)[0m   [0;1m SELECT a.attname, format_type(a.atttypid, a.atttypmod), d.adsrc, a.attnotnull
 FROM pg_attribute a LEFT JOIN pg_attrdef d
 ON a.attrelid = d.adrelid AND a.attnum = d.adnum
 WHERE a.attrelid = 'meanings'::regclass
 AND a.attnum > 0 AND NOT a.attisdropped
 ORDER BY a.attnum
[0m
  [4;35;1mPK and serial sequence (0.033055)[0m   [0m SELECT attr.attname, name.nspname, seq.relname
 FROM pg_class seq,
 pg_attribute attr,
 pg_depend dep,
 pg_namespace name,
 pg_constraint cons
 WHERE seq.oid = dep.objid
 AND seq.relnamespace = name.oid
 AND seq.relkind = 'S'
 AND attr.attrelid = dep.refobjid
 AND attr.attnum = dep.refobjsubid
 AND attr.attrelid = cons.conrelid
 AND attr.attnum = cons.conkey[1]
 AND cons.contype = 'p'
 AND dep.refobjid = 'meanings'::regclass
[0m
  [4;36;1mMeaning Create (0.019632)[0m   [0;1mINSERT INTO meanings ("synonym_word_id", "word_id") VALUES(4, 3)[0m
  [4;35;1mSQL (0.000577)[0m   [0mSELECT currval('meanings_id_seq')[0m
  [4;36;1mSQL (0.018463)[0m   [0;1mCOMMIT[0m
  [4;35;1mMeaning Load (0.001016)[0m   [0mSELECT * FROM meanings WHERE (meanings.word_id = 3) [0m
  [4;36;1mSQL (0.000698)[0m   [0;1mSELECT * FROM schema_info[0m
  [4;35;1mSQL (0.000154)[0m   [0mSHOW search_path[0m
  [4;36;1mSQL (0.002423)[0m   [0;1m SELECT tablename
 FROM pg_tables
 WHERE schemaname IN ('$user','public')
[0m
  [4;35;1mSQL (0.003619)[0m   [0m SELECT a.attname, format_type(a.atttypid, a.atttypmod), d.adsrc, a.attnotnull
 FROM pg_attribute a LEFT JOIN pg_attrdef d
 ON a.attrelid = d.adrelid AND a.attnum = d.adnum
 WHERE a.attrelid = 'meanings'::regclass
 AND a.attnum > 0 AND NOT a.attisdropped
 ORDER BY a.attnum
[0m
  [4;36;1mPK and serial sequence (0.005153)[0m   [0;1m SELECT attr.attname, name.nspname, seq.relname
 FROM pg_class seq,
 pg_attribute attr,
 pg_depend dep,
 pg_namespace name,
 pg_constraint cons
 WHERE seq.oid = dep.objid
 AND seq.relnamespace = name.oid
 AND seq.relkind = 'S'
 AND attr.attrelid = dep.refobjid
 AND attr.attnum = dep.refobjsubid
 AND attr.attrelid = cons.conrelid
 AND attr.attnum = cons.conkey[1]
 AND cons.contype = 'p'
 AND dep.refobjid = 'meanings'::regclass
[0m
  [4;35;1mSQL (0.002754)[0m   [0m SELECT i.relname, d.indisunique, a.attname
 FROM pg_class t, pg_class i, pg_index d, pg_attribute a
 WHERE i.relkind = 'i'
 AND d.indexrelid = i.oid
 AND d.indisprimary = 'f'
 AND t.oid = d.indrelid
 AND t.relname = 'meanings'
 AND a.attrelid = t.oid
 AND ( d.indkey[0]=a.attnum OR d.indkey[1]=a.attnum
 OR d.indkey[2]=a.attnum OR d.indkey[3]=a.attnum
 OR d.indkey[4]=a.attnum OR d.indkey[5]=a.attnum
 OR d.indkey[6]=a.attnum OR d.indkey[7]=a.attnum
 OR d.indkey[8]=a.attnum OR d.indkey[9]=a.attnum )
 ORDER BY i.relname
[0m
  [4;36;1mSQL (0.001230)[0m   [0;1m SELECT a.attname, format_type(a.atttypid, a.atttypmod), d.adsrc, a.attnotnull
 FROM pg_attribute a LEFT JOIN pg_attrdef d
 ON a.attrelid = d.adrelid AND a.attnum = d.adnum
 WHERE a.attrelid = 'users'::regclass
 AND a.attnum > 0 AND NOT a.attisdropped
 ORDER BY a.attnum
[0m
  [4;35;1mPK and serial sequence (0.003968)[0m   [0m SELECT attr.attname, name.nspname, seq.relname
 FROM pg_class seq,
 pg_attribute attr,
 pg_depend dep,
 pg_namespace name,
 pg_constraint cons
 WHERE seq.oid = dep.objid
 AND seq.relnamespace = name.oid
 AND seq.relkind = 'S'
 AND attr.attrelid = dep.refobjid
 AND attr.attnum = dep.refobjsubid
 AND attr.attrelid = cons.conrelid
 AND attr.attnum = cons.conkey[1]
 AND cons.contype = 'p'
 AND dep.refobjid = 'users'::regclass
[0m
  [4;36;1mSQL (0.001885)[0m   [0;1m SELECT i.relname, d.indisunique, a.attname
 FROM pg_class t, pg_class i, pg_index d, pg_attribute a
 WHERE i.relkind = 'i'
 AND d.indexrelid = i.oid
 AND d.indisprimary = 'f'
 AND t.oid = d.indrelid
 AND t.relname = 'users'
 AND a.attrelid = t.oid
 AND ( d.indkey[0]=a.attnum OR d.indkey[1]=a.attnum
 OR d.indkey[2]=a.attnum OR d.indkey[3]=a.attnum
 OR d.indkey[4]=a.attnum OR d.indkey[5]=a.attnum
 OR d.indkey[6]=a.attnum OR d.indkey[7]=a.attnum
 OR d.indkey[8]=a.attnum OR d.indkey[9]=a.attnum )
 ORDER BY i.relname
[0m
  [4;35;1mSQL (0.014611)[0m   [0m SELECT a.attname, format_type(a.atttypid, a.atttypmod), d.adsrc, a.attnotnull
 FROM pg_attribute a LEFT JOIN pg_attrdef d
 ON a.attrelid = d.adrelid AND a.attnum = d.adnum
 WHERE a.attrelid = 'words'::regclass
 AND a.attnum > 0 AND NOT a.attisdropped
 ORDER BY a.attnum
[0m
  [4;36;1mPK and serial sequence (0.004248)[0m   [0;1m SELECT attr.attname, name.nspname, seq.relname
 FROM pg_class seq,
 pg_attribute attr,
 pg_depend dep,
 pg_namespace name,
 pg_constraint cons
 WHERE seq.oid = dep.objid
 AND seq.relnamespace = name.oid
 AND seq.relkind = 'S'
 AND attr.attrelid = dep.refobjid
 AND attr.attnum = dep.refobjsubid
 AND attr.attrelid = cons.conrelid
 AND attr.attnum = cons.conkey[1]
 AND cons.contype = 'p'
 AND dep.refobjid = 'words'::regclass
[0m
  [4;35;1mSQL (0.002273)[0m   [0m SELECT i.relname, d.indisunique, a.attname
 FROM pg_class t, pg_class i, pg_index d, pg_attribute a
 WHERE i.relkind = 'i'
 AND d.indexrelid = i.oid
 AND d.indisprimary = 'f'
 AND t.oid = d.indrelid
 AND t.relname = 'words'
 AND a.attrelid = t.oid
 AND ( d.indkey[0]=a.attnum OR d.indkey[1]=a.attnum
 OR d.indkey[2]=a.attnum OR d.indkey[3]=a.attnum
 OR d.indkey[4]=a.attnum OR d.indkey[5]=a.attnum
 OR d.indkey[6]=a.attnum OR d.indkey[7]=a.attnum
 OR d.indkey[8]=a.attnum OR d.indkey[9]=a.attnum )
 ORDER BY i.relname
[0m
  [4;36;1mSQL (0.000000)[0m   [0;1mPGError: ERROR: table "meanings" does not exist
: DROP TABLE meanings[0m
  [4;35;1mSQL (0.015953)[0m   [0mCREATE TABLE meanings ("id" serial primary key, "word_id" integer DEFAULT NULL, "synonym_word_id" integer DEFAULT NULL) [0m
  [4;36;1mSQL (0.000000)[0m   [0;1mPGError: ERROR: table "users" does not exist
: DROP TABLE users[0m
  [4;35;1mSQL (0.004268)[0m   [0mCREATE TABLE users ("id" serial primary key, "name" character varying(255) DEFAULT NULL, "login" character varying(30) NOT NULL, "password" character varying(30) NOT NULL, "email" character varying(30) NOT NULL) [0m
  [4;36;1mSQL (0.000000)[0m   [0;1mPGError: ERROR: table "words" does not exist
: DROP TABLE words[0m
  [4;35;1mSQL (0.005238)[0m   [0mCREATE TABLE words ("id" serial primary key, "name" character varying(255) NOT NULL, "lang" character varying(2) NOT NULL) [0m
  [4;36;1mSQL (0.001118)[0m   [0;1mCREATE TABLE schema_info (version integer)[0m
  [4;35;1mSQL (0.000761)[0m   [0mINSERT INTO schema_info (version) VALUES(0)[0m
  [4;36;1mSQL (0.003966)[0m   [0;1m SELECT a.attname, format_type(a.atttypid, a.atttypmod), d.adsrc, a.attnotnull
 FROM pg_attribute a LEFT JOIN pg_attrdef d
 ON a.attrelid = d.adrelid AND a.attnum = d.adnum
 WHERE a.attrelid = 'schema_info'::regclass
 AND a.attnum > 0 AND NOT a.attisdropped
 ORDER BY a.attnum
[0m
  [4;35;1mSQL (0.000633)[0m   [0mUPDATE schema_info SET version = 5[0m
  [4;36;1mSQL (0.000674)[0m   [0;1mSELECT * FROM schema_info[0m
  [4;35;1mSQL (0.000137)[0m   [0mSHOW search_path[0m
  [4;36;1mSQL (0.002395)[0m   [0;1m SELECT tablename
 FROM pg_tables
 WHERE schemaname IN ('$user','public')
[0m
  [4;35;1mSQL (0.003305)[0m   [0m SELECT a.attname, format_type(a.atttypid, a.atttypmod), d.adsrc, a.attnotnull
 FROM pg_attribute a LEFT JOIN pg_attrdef d
 ON a.attrelid = d.adrelid AND a.attnum = d.adnum
 WHERE a.attrelid = 'meanings'::regclass
 AND a.attnum > 0 AND NOT a.attisdropped
 ORDER BY a.attnum
[0m
  [4;36;1mPK and serial sequence (0.005855)[0m   [0;1m SELECT attr.attname, name.nspname, seq.relname
 FROM pg_class seq,
 pg_attribute attr,
 pg_depend dep,
 pg_namespace name,
 pg_constraint cons
 WHERE seq.oid = dep.objid
 AND seq.relnamespace = name.oid
 AND seq.relkind = 'S'
 AND attr.attrelid = dep.refobjid
 AND attr.attnum = dep.refobjsubid
 AND attr.attrelid = cons.conrelid
 AND attr.attnum = cons.conkey[1]
 AND cons.contype = 'p'
 AND dep.refobjid = 'meanings'::regclass
[0m
  [4;35;1mSQL (0.003074)[0m   [0m SELECT i.relname, d.indisunique, a.attname
 FROM pg_class t, pg_class i, pg_index d, pg_attribute a
 WHERE i.relkind = 'i'
 AND d.indexrelid = i.oid
 AND d.indisprimary = 'f'
 AND t.oid = d.indrelid
 AND t.relname = 'meanings'
 AND a.attrelid = t.oid
 AND ( d.indkey[0]=a.attnum OR d.indkey[1]=a.attnum
 OR d.indkey[2]=a.attnum OR d.indkey[3]=a.attnum
 OR d.indkey[4]=a.attnum OR d.indkey[5]=a.attnum
 OR d.indkey[6]=a.attnum OR d.indkey[7]=a.attnum
 OR d.indkey[8]=a.attnum OR d.indkey[9]=a.attnum )
 ORDER BY i.relname
[0m
  [4;36;1mSQL (0.001019)[0m   [0;1m SELECT a.attname, format_type(a.atttypid, a.atttypmod), d.adsrc, a.attnotnull
 FROM pg_attribute a LEFT JOIN pg_attrdef d
 ON a.attrelid = d.adrelid AND a.attnum = d.adnum
 WHERE a.attrelid = 'users'::regclass
 AND a.attnum > 0 AND NOT a.attisdropped
 ORDER BY a.attnum
[0m
  [4;35;1mPK and serial sequence (0.003879)[0m   [0m SELECT attr.attname, name.nspname, seq.relname
 FROM pg_class seq,
 pg_attribute attr,
 pg_depend dep,
 pg_namespace name,
 pg_constraint cons
 WHERE seq.oid = dep.objid
 AND seq.relnamespace = name.oid
 AND seq.relkind = 'S'
 AND attr.attrelid = dep.refobjid
 AND attr.attnum = dep.refobjsubid
 AND attr.attrelid = cons.conrelid
 AND attr.attnum = cons.conkey[1]
 AND cons.contype = 'p'
 AND dep.refobjid = 'users'::regclass
[0m
  [4;36;1mSQL (0.001911)[0m   [0;1m SELECT i.relname, d.indisunique, a.attname
 FROM pg_class t, pg_class i, pg_index d, pg_attribute a
 WHERE i.relkind = 'i'
 AND d.indexrelid = i.oid
 AND d.indisprimary = 'f'
 AND t.oid = d.indrelid
 AND t.relname = 'users'
 AND a.attrelid = t.oid
 AND ( d.indkey[0]=a.attnum OR d.indkey[1]=a.attnum
 OR d.indkey[2]=a.attnum OR d.indkey[3]=a.attnum
 OR d.indkey[4]=a.attnum OR d.indkey[5]=a.attnum
 OR d.indkey[6]=a.attnum OR d.indkey[7]=a.attnum
 OR d.indkey[8]=a.attnum OR d.indkey[9]=a.attnum )
 ORDER BY i.relname
[0m
  [4;35;1mSQL (0.000922)[0m   [0m SELECT a.attname, format_type(a.atttypid, a.atttypmod), d.adsrc, a.attnotnull
 FROM pg_attribute a LEFT JOIN pg_attrdef d
 ON a.attrelid = d.adrelid AND a.attnum = d.adnum
 WHERE a.attrelid = 'words'::regclass
 AND a.attnum > 0 AND NOT a.attisdropped
 ORDER BY a.attnum
[0m
  [4;36;1mPK and serial sequence (0.003909)[0m   [0;1m SELECT attr.attname, name.nspname, seq.relname
 FROM pg_class seq,
 pg_attribute attr,
 pg_depend dep,
 pg_namespace name,
 pg_constraint cons
 WHERE seq.oid = dep.objid
 AND seq.relnamespace = name.oid
 AND seq.relkind = 'S'
 AND attr.attrelid = dep.refobjid
 AND attr.attnum = dep.refobjsubid
 AND attr.attrelid = cons.conrelid
 AND attr.attnum = cons.conkey[1]
 AND cons.contype = 'p'
 AND dep.refobjid = 'words'::regclass
[0m
  [4;35;1mSQL (0.001911)[0m   [0m SELECT i.relname, d.indisunique, a.attname
 FROM pg_class t, pg_class i, pg_index d, pg_attribute a
 WHERE i.relkind = 'i'
 AND d.indexrelid = i.oid
 AND d.indisprimary = 'f'
 AND t.oid = d.indrelid
 AND t.relname = 'words'
 AND a.attrelid = t.oid
 AND ( d.indkey[0]=a.attnum OR d.indkey[1]=a.attnum
 OR d.indkey[2]=a.attnum OR d.indkey[3]=a.attnum
 OR d.indkey[4]=a.attnum OR d.indkey[5]=a.attnum
 OR d.indkey[6]=a.attnum OR d.indkey[7]=a.attnum
 OR d.indkey[8]=a.attnum OR d.indkey[9]=a.attnum )
 ORDER BY i.relname
[0m
  [4;36;1mSQL (0.000000)[0m   [0;1mPGError: ERROR: table "meanings" does not exist
: DROP TABLE meanings[0m
  [4;35;1mSQL (0.012692)[0m   [0mCREATE TABLE meanings ("id" serial primary key, "word_id" integer DEFAULT NULL, "synonym_word_id" integer DEFAULT NULL) [0m
  [4;36;1mSQL (0.000000)[0m   [0;1mPGError: ERROR: table "users" does not exist
: DROP TABLE users[0m
  [4;35;1mSQL (0.055390)[0m   [0mCREATE TABLE users ("id" serial primary key, "name" character varying(255) DEFAULT NULL, "login" character varying(30) NOT NULL, "password" character varying(30) NOT NULL, "email" character varying(30) NOT NULL) [0m
  [4;36;1mSQL (0.000000)[0m   [0;1mPGError: ERROR: table "words" does not exist
: DROP TABLE words[0m
  [4;35;1mSQL (0.003331)[0m   [0mCREATE TABLE words ("id" serial primary key, "name" character varying(255) NOT NULL, "lang" character varying(2) NOT NULL) [0m
  [4;36;1mSQL (0.001202)[0m   [0;1mCREATE TABLE schema_info (version integer)[0m
  [4;35;1mSQL (0.000692)[0m   [0mINSERT INTO schema_info (version) VALUES(0)[0m
  [4;36;1mSQL (0.004212)[0m   [0;1m SELECT a.attname, format_type(a.atttypid, a.atttypmod), d.adsrc, a.attnotnull
 FROM pg_attribute a LEFT JOIN pg_attrdef d
 ON a.attrelid = d.adrelid AND a.attnum = d.adnum
 WHERE a.attrelid = 'schema_info'::regclass
 AND a.attnum > 0 AND NOT a.attisdropped
 ORDER BY a.attnum
[0m
  [4;35;1mSQL (0.000564)[0m   [0mUPDATE schema_info SET version = 5[0m
  [4;36;1mSQL (0.000784)[0m   [0;1mSELECT * FROM schema_info[0m
  [4;35;1mSQL (0.000158)[0m   [0mSHOW search_path[0m
  [4;36;1mSQL (0.002327)[0m   [0;1m SELECT tablename
 FROM pg_tables
 WHERE schemaname IN ('$user','public')
[0m
  [4;35;1mSQL (0.003679)[0m   [0m SELECT a.attname, format_type(a.atttypid, a.atttypmod), d.adsrc, a.attnotnull
 FROM pg_attribute a LEFT JOIN pg_attrdef d
 ON a.attrelid = d.adrelid AND a.attnum = d.adnum
 WHERE a.attrelid = 'meanings'::regclass
 AND a.attnum > 0 AND NOT a.attisdropped
 ORDER BY a.attnum
[0m
  [4;36;1mPK and serial sequence (0.005460)[0m   [0;1m SELECT attr.attname, name.nspname, seq.relname
 FROM pg_class seq,
 pg_attribute attr,
 pg_depend dep,
 pg_namespace name,
 pg_constraint cons
 WHERE seq.oid = dep.objid
 AND seq.relnamespace = name.oid
 AND seq.relkind = 'S'
 AND attr.attrelid = dep.refobjid
 AND attr.attnum = dep.refobjsubid
 AND attr.attrelid = cons.conrelid
 AND attr.attnum = cons.conkey[1]
 AND cons.contype = 'p'
 AND dep.refobjid = 'meanings'::regclass
[0m
  [4;35;1mSQL (0.003013)[0m   [0m SELECT i.relname, d.indisunique, a.attname
 FROM pg_class t, pg_class i, pg_index d, pg_attribute a
 WHERE i.relkind = 'i'
 AND d.indexrelid = i.oid
 AND d.indisprimary = 'f'
 AND t.oid = d.indrelid
 AND t.relname = 'meanings'
 AND a.attrelid = t.oid
 AND ( d.indkey[0]=a.attnum OR d.indkey[1]=a.attnum
 OR d.indkey[2]=a.attnum OR d.indkey[3]=a.attnum
 OR d.indkey[4]=a.attnum OR d.indkey[5]=a.attnum
 OR d.indkey[6]=a.attnum OR d.indkey[7]=a.attnum
 OR d.indkey[8]=a.attnum OR d.indkey[9]=a.attnum )
 ORDER BY i.relname
[0m
  [4;36;1mSQL (0.001077)[0m   [0;1m SELECT a.attname, format_type(a.atttypid, a.atttypmod), d.adsrc, a.attnotnull
 FROM pg_attribute a LEFT JOIN pg_attrdef d
 ON a.attrelid = d.adrelid AND a.attnum = d.adnum
 WHERE a.attrelid = 'users'::regclass
 AND a.attnum > 0 AND NOT a.attisdropped
 ORDER BY a.attnum
[0m
  [4;35;1mPK and serial sequence (0.003943)[0m   [0m SELECT attr.attname, name.nspname, seq.relname
 FROM pg_class seq,
 pg_attribute attr,
 pg_depend dep,
 pg_namespace name,
 pg_constraint cons
 WHERE seq.oid = dep.objid
 AND seq.relnamespace = name.oid
 AND seq.relkind = 'S'
 AND attr.attrelid = dep.refobjid
 AND attr.attnum = dep.refobjsubid
 AND attr.attrelid = cons.conrelid
 AND attr.attnum = cons.conkey[1]
 AND cons.contype = 'p'
 AND dep.refobjid = 'users'::regclass
[0m
  [4;36;1mSQL (0.002057)[0m   [0;1m SELECT i.relname, d.indisunique, a.attname
 FROM pg_class t, pg_class i, pg_index d, pg_attribute a
 WHERE i.relkind = 'i'
 AND d.indexrelid = i.oid
 AND d.indisprimary = 'f'
 AND t.oid = d.indrelid
 AND t.relname = 'users'
 AND a.attrelid = t.oid
 AND ( d.indkey[0]=a.attnum OR d.indkey[1]=a.attnum
 OR d.indkey[2]=a.attnum OR d.indkey[3]=a.attnum
 OR d.indkey[4]=a.attnum OR d.indkey[5]=a.attnum
 OR d.indkey[6]=a.attnum OR d.indkey[7]=a.attnum
 OR d.indkey[8]=a.attnum OR d.indkey[9]=a.attnum )
 ORDER BY i.relname
[0m
  [4;35;1mSQL (0.000952)[0m   [0m SELECT a.attname, format_type(a.atttypid, a.atttypmod), d.adsrc, a.attnotnull
 FROM pg_attribute a LEFT JOIN pg_attrdef d
 ON a.attrelid = d.adrelid AND a.attnum = d.adnum
 WHERE a.attrelid = 'words'::regclass
 AND a.attnum > 0 AND NOT a.attisdropped
 ORDER BY a.attnum
[0m
  [4;36;1mPK and serial sequence (0.004018)[0m   [0;1m SELECT attr.attname, name.nspname, seq.relname
 FROM pg_class seq,
 pg_attribute attr,
 pg_depend dep,
 pg_namespace name,
 pg_constraint cons
 WHERE seq.oid = dep.objid
 AND seq.relnamespace = name.oid
 AND seq.relkind = 'S'
 AND attr.attrelid = dep.refobjid
 AND attr.attnum = dep.refobjsubid
 AND attr.attrelid = cons.conrelid
 AND attr.attnum = cons.conkey[1]
 AND cons.contype = 'p'
 AND dep.refobjid = 'words'::regclass
[0m
  [4;35;1mSQL (0.002078)[0m   [0m SELECT i.relname, d.indisunique, a.attname
 FROM pg_class t, pg_class i, pg_index d, pg_attribute a
 WHERE i.relkind = 'i'
 AND d.indexrelid = i.oid
 AND d.indisprimary = 'f'
 AND t.oid = d.indrelid
 AND t.relname = 'words'
 AND a.attrelid = t.oid
 AND ( d.indkey[0]=a.attnum OR d.indkey[1]=a.attnum
 OR d.indkey[2]=a.attnum OR d.indkey[3]=a.attnum
 OR d.indkey[4]=a.attnum OR d.indkey[5]=a.attnum
 OR d.indkey[6]=a.attnum OR d.indkey[7]=a.attnum
 OR d.indkey[8]=a.attnum OR d.indkey[9]=a.attnum )
 ORDER BY i.relname
[0m
  [4;36;1mSQL (0.000000)[0m   [0;1mPGError: ERROR: table "meanings" does not exist
: DROP TABLE meanings[0m
  [4;35;1mSQL (0.071574)[0m   [0mCREATE TABLE meanings ("id" serial primary key, "word_id" integer DEFAULT NULL, "synonym_word_id" integer DEFAULT NULL) [0m
  [4;36;1mSQL (0.000000)[0m   [0;1mPGError: ERROR: table "users" does not exist
: DROP TABLE users[0m
  [4;35;1mSQL (0.067223)[0m   [0mCREATE TABLE users ("id" serial primary key, "name" character varying(255) DEFAULT NULL, "login" character varying(30) NOT NULL, "password" character varying(30) NOT NULL, "email" character varying(30) NOT NULL) [0m
  [4;36;1mSQL (0.000000)[0m   [0;1mPGError: ERROR: table "words" does not exist
: DROP TABLE words[0m
  [4;35;1mSQL (0.624347)[0m   [0mCREATE TABLE words ("id" serial primary key, "name" character varying(255) NOT NULL, "lang" character varying(2) NOT NULL) [0m
  [4;36;1mSQL (0.050988)[0m   [0;1mCREATE TABLE schema_info (version integer)[0m
  [4;35;1mSQL (0.001503)[0m   [0mINSERT INTO schema_info (version) VALUES(0)[0m
  [4;36;1mSQL (0.010738)[0m   [0;1m SELECT a.attname, format_type(a.atttypid, a.atttypmod), d.adsrc, a.attnotnull
 FROM pg_attribute a LEFT JOIN pg_attrdef d
 ON a.attrelid = d.adrelid AND a.attnum = d.adnum
 WHERE a.attrelid = 'schema_info'::regclass
 AND a.attnum > 0 AND NOT a.attisdropped
 ORDER BY a.attnum
[0m
  [4;35;1mSQL (0.001062)[0m   [0mUPDATE schema_info SET version = 5[0m
  [4;36;1mSQL (0.000746)[0m   [0;1mSELECT * FROM schema_info[0m
  [4;35;1mSQL (0.000191)[0m   [0mSHOW search_path[0m
  [4;36;1mSQL (0.003017)[0m   [0;1m SELECT tablename
 FROM pg_tables
 WHERE schemaname IN ('$user','public')
[0m
  [4;35;1mSQL (0.003647)[0m   [0m SELECT a.attname, format_type(a.atttypid, a.atttypmod), d.adsrc, a.attnotnull
 FROM pg_attribute a LEFT JOIN pg_attrdef d
 ON a.attrelid = d.adrelid AND a.attnum = d.adnum
 WHERE a.attrelid = 'meanings'::regclass
 AND a.attnum > 0 AND NOT a.attisdropped
 ORDER BY a.attnum
[0m
  [4;36;1mPK and serial sequence (0.005485)[0m   [0;1m SELECT attr.attname, name.nspname, seq.relname
 FROM pg_class seq,
 pg_attribute attr,
 pg_depend dep,
 pg_namespace name,
 pg_constraint cons
 WHERE seq.oid = dep.objid
 AND seq.relnamespace = name.oid
 AND seq.relkind = 'S'
 AND attr.attrelid = dep.refobjid
 AND attr.attnum = dep.refobjsubid
 AND attr.attrelid = cons.conrelid
 AND attr.attnum = cons.conkey[1]
 AND cons.contype = 'p'
 AND dep.refobjid = 'meanings'::regclass
[0m
  [4;35;1mSQL (0.003712)[0m   [0m SELECT i.relname, d.indisunique, a.attname
 FROM pg_class t, pg_class i, pg_index d, pg_attribute a
 WHERE i.relkind = 'i'
 AND d.indexrelid = i.oid
 AND d.indisprimary = 'f'
 AND t.oid = d.indrelid
 AND t.relname = 'meanings'
 AND a.attrelid = t.oid
 AND ( d.indkey[0]=a.attnum OR d.indkey[1]=a.attnum
 OR d.indkey[2]=a.attnum OR d.indkey[3]=a.attnum
 OR d.indkey[4]=a.attnum OR d.indkey[5]=a.attnum
 OR d.indkey[6]=a.attnum OR d.indkey[7]=a.attnum
 OR d.indkey[8]=a.attnum OR d.indkey[9]=a.attnum )
 ORDER BY i.relname
[0m
  [4;36;1mSQL (0.001116)[0m   [0;1m SELECT a.attname, format_type(a.atttypid, a.atttypmod), d.adsrc, a.attnotnull
 FROM pg_attribute a LEFT JOIN pg_attrdef d
 ON a.attrelid = d.adrelid AND a.attnum = d.adnum
 WHERE a.attrelid = 'users'::regclass
 AND a.attnum > 0 AND NOT a.attisdropped
 ORDER BY a.attnum
[0m
  [4;35;1mPK and serial sequence (0.004090)[0m   [0m SELECT attr.attname, name.nspname, seq.relname
 FROM pg_class seq,
 pg_attribute attr,
 pg_depend dep,
 pg_namespace name,
 pg_constraint cons
 WHERE seq.oid = dep.objid
 AND seq.relnamespace = name.oid
 AND seq.relkind = 'S'
 AND attr.attrelid = dep.refobjid
 AND attr.attnum = dep.refobjsubid
 AND attr.attrelid = cons.conrelid
 AND attr.attnum = cons.conkey[1]
 AND cons.contype = 'p'
 AND dep.refobjid = 'users'::regclass
[0m
  [4;36;1mSQL (0.002016)[0m   [0;1m SELECT i.relname, d.indisunique, a.attname
 FROM pg_class t, pg_class i, pg_index d, pg_attribute a
 WHERE i.relkind = 'i'
 AND d.indexrelid = i.oid
 AND d.indisprimary = 'f'
 AND t.oid = d.indrelid
 AND t.relname = 'users'
 AND a.attrelid = t.oid
 AND ( d.indkey[0]=a.attnum OR d.indkey[1]=a.attnum
 OR d.indkey[2]=a.attnum OR d.indkey[3]=a.attnum
 OR d.indkey[4]=a.attnum OR d.indkey[5]=a.attnum
 OR d.indkey[6]=a.attnum OR d.indkey[7]=a.attnum
 OR d.indkey[8]=a.attnum OR d.indkey[9]=a.attnum )
 ORDER BY i.relname
[0m
  [4;35;1mSQL (0.000959)[0m   [0m SELECT a.attname, format_type(a.atttypid, a.atttypmod), d.adsrc, a.attnotnull
 FROM pg_attribute a LEFT JOIN pg_attrdef d
 ON a.attrelid = d.adrelid AND a.attnum = d.adnum
 WHERE a.attrelid = 'words'::regclass
 AND a.attnum > 0 AND NOT a.attisdropped
 ORDER BY a.attnum
[0m
  [4;36;1mPK and serial sequence (0.004073)[0m   [0;1m SELECT attr.attname, name.nspname, seq.relname
 FROM pg_class seq,
 pg_attribute attr,
 pg_depend dep,
 pg_namespace name,
 pg_constraint cons
 WHERE seq.oid = dep.objid
 AND seq.relnamespace = name.oid
 AND seq.relkind = 'S'
 AND attr.attrelid = dep.refobjid
 AND attr.attnum = dep.refobjsubid
 AND attr.attrelid = cons.conrelid
 AND attr.attnum = cons.conkey[1]
 AND cons.contype = 'p'
 AND dep.refobjid = 'words'::regclass
[0m
  [4;35;1mSQL (0.002054)[0m   [0m SELECT i.relname, d.indisunique, a.attname
 FROM pg_class t, pg_class i, pg_index d, pg_attribute a
 WHERE i.relkind = 'i'
 AND d.indexrelid = i.oid
 AND d.indisprimary = 'f'
 AND t.oid = d.indrelid
 AND t.relname = 'words'
 AND a.attrelid = t.oid
 AND ( d.indkey[0]=a.attnum OR d.indkey[1]=a.attnum
 OR d.indkey[2]=a.attnum OR d.indkey[3]=a.attnum
 OR d.indkey[4]=a.attnum OR d.indkey[5]=a.attnum
 OR d.indkey[6]=a.attnum OR d.indkey[7]=a.attnum
 OR d.indkey[8]=a.attnum OR d.indkey[9]=a.attnum )
 ORDER BY i.relname
[0m
  [4;36;1mSQL (0.000000)[0m   [0;1mPGError: ERROR: table "meanings" does not exist
: DROP TABLE meanings[0m
  [4;35;1mSQL (0.015177)[0m   [0mCREATE TABLE meanings ("id" serial primary key, "word_id" integer DEFAULT NULL, "synonym_word_id" integer DEFAULT NULL) [0m
  [4;36;1mSQL (0.000000)[0m   [0;1mPGError: ERROR: table "users" does not exist
: DROP TABLE users[0m
  [4;35;1mSQL (0.004372)[0m   [0mCREATE TABLE users ("id" serial primary key, "name" character varying(255) DEFAULT NULL, "login" character varying(30) NOT NULL, "password" character varying(30) NOT NULL, "email" character varying(30) NOT NULL) [0m
  [4;36;1mSQL (0.000000)[0m   [0;1mPGError: ERROR: table "words" does not exist
: DROP TABLE words[0m
  [4;35;1mSQL (0.003301)[0m   [0mCREATE TABLE words ("id" serial primary key, "name" character varying(255) NOT NULL, "lang" character varying(2) NOT NULL) [0m
  [4;36;1mSQL (0.001138)[0m   [0;1mCREATE TABLE schema_info (version integer)[0m
  [4;35;1mSQL (0.000779)[0m   [0mINSERT INTO schema_info (version) VALUES(0)[0m
  [4;36;1mSQL (0.009979)[0m   [0;1m SELECT a.attname, format_type(a.atttypid, a.atttypmod), d.adsrc, a.attnotnull
 FROM pg_attribute a LEFT JOIN pg_attrdef d
 ON a.attrelid = d.adrelid AND a.attnum = d.adnum
 WHERE a.attrelid = 'schema_info'::regclass
 AND a.attnum > 0 AND NOT a.attisdropped
 ORDER BY a.attnum
[0m
  [4;35;1mSQL (0.675918)[0m   [0mUPDATE schema_info SET version = 5[0m
